#-----------------------------------------------------------
# Webtalk v2014.4 (64-bit)
# SW Build 1071353 on Tue Nov 18 16:48:31 MST 2014
# 
# Start of session at: Mon Feb  9 19:22:28 2015
# Process ID: 27985
# Log file: /home/jlgutierrez/Development/zybo-zynq/workspace/zybo_base_system/source/vivado/hw/zybo_bsd/zybo_bsd.sdk/webtalk/webtalk.log
# Journal file: /home/jlgutierrez/Development/zybo-zynq/workspace/zybo_base_system/source/vivado/hw/zybo_bsd/zybo_bsd.sdk/webtalk/webtalk.jou
#-----------------------------------------------------------
WARNING: [Common 17-204] Your XILINX environment variable is undefined. You will not be able to run Synthesis and Implementation using ISE based strategies, or import ngc netlists. Please set up your XILINX environment to get full functionality.
source sdk_webtalk.tcl
# webtalk_init -webtalk_dir /home/jlgutierrez/Development/zybo-zynq/workspace/zybo_base_system/source/vivado/hw/zybo_bsd/zybo_bsd.sdk/webtalk
# webtalk_register_client -client project
# webtalk_add_data -client project -key date_generated -value "Mon Feb 9 19:22:27 2015" -context "software_version_and_target_device"
# webtalk_add_data -client project -key product_version -value "SDK v2014.4" -context "software_version_and_target_device"
# webtalk_add_data -client project -key build_version -value "2014.4" -context "software_version_and_target_device"
# webtalk_add_data -client project -key os_platform -value "amd64" -context "software_version_and_target_device"
# webtalk_add_data -client project -key registration_id -value "" -context "software_version_and_target_device"
# webtalk_add_data -client project -key tool_flow -value "SDK" -context "software_version_and_target_device"
# webtalk_add_data -client project -key beta -value "false" -context "software_version_and_target_device"
# webtalk_add_data -client project -key route_design -value "NA" -context "software_version_and_target_device"
# webtalk_add_data -client project -key target_family -value "NA" -context "software_version_and_target_device"
# webtalk_add_data -client project -key target_device -value "NA" -context "software_version_and_target_device"
# webtalk_add_data -client project -key target_package -value "NA" -context "software_version_and_target_device"
# webtalk_add_data -client project -key target_speed -value "NA" -context "software_version_and_target_device"
# webtalk_add_data -client project -key random_id -value "3jq6mrgcroaab4cdjugssn21ds" -context "software_version_and_target_device"
# webtalk_add_data -client project -key project_id -value "2014.4_54" -context "software_version_and_target_device"
# webtalk_add_data -client project -key project_iteration -value "54" -context "software_version_and_target_device"
# webtalk_add_data -client project -key os_name -value "Ubuntu" -context "user_environment"
# webtalk_add_data -client project -key os_release -value "Ubuntu 14.04.1 LTS" -context "user_environment"
# webtalk_add_data -client project -key cpu_name -value "Intel(R) Core(TM) i7 CPU         870  @ 2.93GHz" -context "user_environment"
# webtalk_add_data -client project -key cpu_speed -value "2133.000 MHz" -context "user_environment"
# webtalk_add_data -client project -key total_processors -value "1" -context "user_environment"
# webtalk_add_data -client project -key system_ram -value "8.000 GB" -context "user_environment"
# webtalk_register_client -client sdk
# webtalk_add_data -client sdk -key uid -value "1423504294000" -context "sdk\\\\bsp/1423504294000"
# webtalk_add_data -client sdk -key hwid -value "1423158153000" -context "sdk\\\\bsp/1423504294000"
# webtalk_add_data -client sdk -key os -value "standalone" -context "sdk\\\\bsp/1423504294000"
# webtalk_add_data -client sdk -key apptemplate -value "zynq_fsbl" -context "sdk\\\\bsp/1423504294000"
# webtalk_add_data -client sdk -key uid -value "1423504297000" -context "sdk\\\\application/1423504297000"
# webtalk_add_data -client sdk -key hwid -value "1423158153000" -context "sdk\\\\application/1423504297000"
# webtalk_add_data -client sdk -key bspid -value "1423504294000" -context "sdk\\\\application/1423504297000"
# webtalk_add_data -client sdk -key newbsp -value "true" -context "sdk\\\\application/1423504297000"
# webtalk_add_data -client sdk -key os -value "standalone" -context "sdk\\\\application/1423504297000"
# webtalk_add_data -client sdk -key apptemplate -value "zynq_fsbl" -context "sdk\\\\application/1423504297000"
# webtalk_add_data -client sdk -key uid -value "1423504434000" -context "sdk\\\\bsp/1423504434000"
# webtalk_add_data -client sdk -key hwid -value "1423158153000" -context "sdk\\\\bsp/1423504434000"
# webtalk_add_data -client sdk -key os -value "standalone" -context "sdk\\\\bsp/1423504434000"
# webtalk_add_data -client sdk -key apptemplate -value "zynq_fsbl" -context "sdk\\\\bsp/1423504434000"
# webtalk_add_data -client sdk -key uid -value "1423504435000" -context "sdk\\\\application/1423504435000"
# webtalk_add_data -client sdk -key hwid -value "1423158153000" -context "sdk\\\\application/1423504435000"
# webtalk_add_data -client sdk -key bspid -value "1423504434000" -context "sdk\\\\application/1423504435000"
# webtalk_add_data -client sdk -key newbsp -value "true" -context "sdk\\\\application/1423504435000"
# webtalk_add_data -client sdk -key os -value "standalone" -context "sdk\\\\application/1423504435000"
# webtalk_add_data -client sdk -key apptemplate -value "zynq_fsbl" -context "sdk\\\\application/1423504435000"
# webtalk_add_data -client sdk -key uid -value "1423505462000" -context "sdk\\\\bsp/1423505462000"
# webtalk_add_data -client sdk -key hwid -value "1423158153000" -context "sdk\\\\bsp/1423505462000"
# webtalk_add_data -client sdk -key os -value "standalone" -context "sdk\\\\bsp/1423505462000"
# webtalk_add_data -client sdk -key apptemplate -value "hello_world" -context "sdk\\\\bsp/1423505462000"
# webtalk_add_data -client sdk -key uid -value "1423505463000" -context "sdk\\\\application/1423505463000"
# webtalk_add_data -client sdk -key hwid -value "1423158153000" -context "sdk\\\\application/1423505463000"
# webtalk_add_data -client sdk -key bspid -value "1423505462000" -context "sdk\\\\application/1423505463000"
# webtalk_add_data -client sdk -key newbsp -value "true" -context "sdk\\\\application/1423505463000"
# webtalk_add_data -client sdk -key os -value "standalone" -context "sdk\\\\application/1423505463000"
# webtalk_add_data -client sdk -key apptemplate -value "hello_world" -context "sdk\\\\application/1423505463000"
# webtalk_transmit -clientid 2847638795 -regid "" -xml /home/jlgutierrez/Development/zybo-zynq/workspace/zybo_base_system/source/vivado/hw/zybo_bsd/zybo_bsd.sdk/webtalk/usage_statistics_ext_sdk.xml -html /home/jlgutierrez/Development/zybo-zynq/workspace/zybo_base_system/source/vivado/hw/zybo_bsd/zybo_bsd.sdk/webtalk/usage_statistics_ext_sdk.html -wdm /home/jlgutierrez/Development/zybo-zynq/workspace/zybo_base_system/source/vivado/hw/zybo_bsd/zybo_bsd.sdk/webtalk/sdk_webtalk.wdm -intro "<H3>SDK Usage Report</H3><BR>"

    while executing
"webtalk_transmit -clientid 2847638795 -regid "" -xml /home/jlgutierrez/Development/zybo-zynq/workspace/zybo_base_system/source/vivado/hw/zybo_bsd/zybo..."
    (file "sdk_webtalk.tcl" line 55)
INFO: [Common 17-206] Exiting Webtalk at Mon Feb  9 19:22:28 2015...
