#-----------------------------------------------------------
# Webtalk v2016.1 (64-bit)
# SW Build 1538259 on Fri Apr  8 15:45:27 MDT 2016
# 
# Start of session at: Tue Mar 12 10:11:41 2019
# Process ID: 4176
# Current directory: C:/Users/lauro/zybo_base_system/source/vivado/hw/zybo_bsd/zybo_bsd.sdk/webtalk
# Command line: wbtcv.exe -mode batch -source sdk_webtalk.tcl
# Log file: C:/Users/lauro/zybo_base_system/source/vivado/hw/zybo_bsd/zybo_bsd.sdk/webtalk/webtalk.log
# Journal file: C:/Users/lauro/zybo_base_system/source/vivado/hw/zybo_bsd/zybo_bsd.sdk/webtalk\webtalk.jou
#-----------------------------------------------------------
source sdk_webtalk.tcl
# webtalk_init -webtalk_dir C:\\Users\\lauro\\zybo_base_system\\source\\vivado\\hw\\zybo_bsd\\zybo_bsd.sdk\\webtalk
# webtalk_register_client -client project
# webtalk_add_data -client project -key date_generated -value "Tue Mar 12 10:11:40 2019" -context "software_version_and_target_device"
# webtalk_add_data -client project -key product_version -value "SDK v2016.1" -context "software_version_and_target_device"
# webtalk_add_data -client project -key build_version -value "2016.1" -context "software_version_and_target_device"
# webtalk_add_data -client project -key os_platform -value "amd64" -context "software_version_and_target_device"
# webtalk_add_data -client project -key registration_id -value "" -context "software_version_and_target_device"
# webtalk_add_data -client project -key tool_flow -value "SDK" -context "software_version_and_target_device"
# webtalk_add_data -client project -key beta -value "false" -context "software_version_and_target_device"
# webtalk_add_data -client project -key route_design -value "NA" -context "software_version_and_target_device"
# webtalk_add_data -client project -key target_family -value "NA" -context "software_version_and_target_device"
# webtalk_add_data -client project -key target_device -value "NA" -context "software_version_and_target_device"
# webtalk_add_data -client project -key target_package -value "NA" -context "software_version_and_target_device"
# webtalk_add_data -client project -key target_speed -value "NA" -context "software_version_and_target_device"
# webtalk_add_data -client project -key random_id -value "ph01ufbv939pr8q2i85c2d2u6p" -context "software_version_and_target_device"
# webtalk_add_data -client project -key project_id -value "2016.1_6" -context "software_version_and_target_device"
# webtalk_add_data -client project -key project_iteration -value "6" -context "software_version_and_target_device"
# webtalk_add_data -client project -key os_name -value "" -context "user_environment"
# webtalk_add_data -client project -key os_release -value "" -context "user_environment"
# webtalk_add_data -client project -key cpu_name -value "" -context "user_environment"
# webtalk_add_data -client project -key cpu_speed -value "" -context "user_environment"
# webtalk_add_data -client project -key total_processors -value "" -context "user_environment"
# webtalk_add_data -client project -key system_ram -value "" -context "user_environment"
# webtalk_register_client -client sdk
# webtalk_add_data -client sdk -key uid -value "1552409937956" -context "sdk\\\\hardware/1552409937956"
# webtalk_add_data -client sdk -key isZynq -value "true" -context "sdk\\\\hardware/1552409937956"
# webtalk_add_data -client sdk -key Processors -value "2" -context "sdk\\\\hardware/1552409937956"
# webtalk_add_data -client sdk -key VivadoVersion -value "2016.1" -context "sdk\\\\hardware/1552409937956"
# webtalk_add_data -client sdk -key Arch -value "zynq" -context "sdk\\\\hardware/1552409937956"
# webtalk_add_data -client sdk -key Device -value "7z010" -context "sdk\\\\hardware/1552409937956"
# webtalk_add_data -client sdk -key IsHandoff -value "true" -context "sdk\\\\hardware/1552409937956"
# webtalk_add_data -client sdk -key uid -value "1552410099332" -context "sdk\\\\bsp/1552410099332"
# webtalk_add_data -client sdk -key hwid -value "1552409937956" -context "sdk\\\\bsp/1552410099332"
# webtalk_add_data -client sdk -key os -value "standalone" -context "sdk\\\\bsp/1552410099332"
# webtalk_add_data -client sdk -key apptemplate -value "zynq_fsbl" -context "sdk\\\\bsp/1552410099332"
# webtalk_add_data -client sdk -key uid -value "1552410114383" -context "sdk\\\\application/1552410114383"
# webtalk_add_data -client sdk -key hwid -value "1552409937956" -context "sdk\\\\application/1552410114383"
# webtalk_add_data -client sdk -key bspid -value "1552410099332" -context "sdk\\\\application/1552410114383"
# webtalk_add_data -client sdk -key newbsp -value "true" -context "sdk\\\\application/1552410114383"
# webtalk_add_data -client sdk -key os -value "standalone" -context "sdk\\\\application/1552410114383"
# webtalk_add_data -client sdk -key apptemplate -value "zynq_fsbl" -context "sdk\\\\application/1552410114383"
# webtalk_transmit -clientid 726171825 -regid "" -xml C:\\Users\\lauro\\zybo_base_system\\source\\vivado\\hw\\zybo_bsd\\zybo_bsd.sdk\\webtalk\\usage_statistics_ext_sdk.xml -html C:\\Users\\lauro\\zybo_base_system\\source\\vivado\\hw\\zybo_bsd\\zybo_bsd.sdk\\webtalk\\usage_statistics_ext_sdk.html -wdm C:\\Users\\lauro\\zybo_base_system\\source\\vivado\\hw\\zybo_bsd\\zybo_bsd.sdk\\webtalk\\sdk_webtalk.wdm -intro "<H3>SDK Usage Report</H3><BR>"
# webtalk_terminate
INFO: [Common 17-206] Exiting Webtalk at Tue Mar 12 10:11:46 2019...
