#-----------------------------------------------------------
# Webtalk v2018.2 (64-bit)
# SW Build 2258646 on Thu Jun 14 20:03:12 MDT 2018
# 
# Start of session at: Thu Jan 24 23:05:36 2019
# Process ID: 14276
# Current directory: C:/lab1/lab1.sdk/webtalk
# Command line: wbtcv.exe -mode batch -source sdk_webtalk.tcl
# Log file: C:/lab1/lab1.sdk/webtalk/webtalk.log
# Journal file: C:/lab1/lab1.sdk/webtalk\webtalk.jou
#-----------------------------------------------------------
source sdk_webtalk.tcl
# webtalk_init -webtalk_dir C:\\lab1\\lab1.sdk\\webtalk
# webtalk_register_client -client project
# webtalk_add_data -client project -key date_generated -value "2019-01-24 23:05:34" -context "software_version_and_target_device"
# webtalk_add_data -client project -key product_version -value "SDK v2018.2" -context "software_version_and_target_device"
# webtalk_add_data -client project -key build_version -value "2018.2" -context "software_version_and_target_device"
# webtalk_add_data -client project -key os_platform -value "amd64" -context "software_version_and_target_device"
# webtalk_add_data -client project -key registration_id -value "210931937_0_0_563" -context "software_version_and_target_device"
# webtalk_add_data -client project -key tool_flow -value "SDK" -context "software_version_and_target_device"
# webtalk_add_data -client project -key beta -value "false" -context "software_version_and_target_device"
# webtalk_add_data -client project -key route_design -value "NA" -context "software_version_and_target_device"
# webtalk_add_data -client project -key target_family -value "NA" -context "software_version_and_target_device"
# webtalk_add_data -client project -key target_device -value "NA" -context "software_version_and_target_device"
# webtalk_add_data -client project -key target_package -value "NA" -context "software_version_and_target_device"
# webtalk_add_data -client project -key target_speed -value "NA" -context "software_version_and_target_device"
# webtalk_add_data -client project -key random_id -value "8sfd6s383an4kbktsdomsshm6" -context "software_version_and_target_device"
# webtalk_add_data -client project -key project_id -value "2018.2_2" -context "software_version_and_target_device"
# webtalk_add_data -client project -key project_iteration -value "2" -context "software_version_and_target_device"
# webtalk_add_data -client project -key os_name -value "Microsoft Windows 8 or later , 64-bit" -context "user_environment"
# webtalk_add_data -client project -key os_release -value "major release  (build 9200)" -context "user_environment"
# webtalk_add_data -client project -key cpu_name -value "Intel(R) Core(TM) i7-4702HQ CPU @ 2.20GHz" -context "user_environment"
# webtalk_add_data -client project -key cpu_speed -value "2195 MHz" -context "user_environment"
# webtalk_add_data -client project -key total_processors -value "1" -context "user_environment"
# webtalk_add_data -client project -key system_ram -value "17.078 GB" -context "user_environment"
# webtalk_register_client -client sdk
# webtalk_add_data -client sdk -key uid -value "1548398193610" -context "sdk\\\\hardware/1548398193610"
# webtalk_add_data -client sdk -key isZynq -value "true" -context "sdk\\\\hardware/1548398193610"
# webtalk_add_data -client sdk -key isZynqMP -value "false" -context "sdk\\\\hardware/1548398193610"
# webtalk_add_data -client sdk -key Processors -value "2" -context "sdk\\\\hardware/1548398193610"
# webtalk_add_data -client sdk -key VivadoVersion -value "2018.2" -context "sdk\\\\hardware/1548398193610"
# webtalk_add_data -client sdk -key Arch -value "zynq" -context "sdk\\\\hardware/1548398193610"
# webtalk_add_data -client sdk -key Device -value "7z010" -context "sdk\\\\hardware/1548398193610"
# webtalk_add_data -client sdk -key IsHandoff -value "true" -context "sdk\\\\hardware/1548398193610"
# webtalk_add_data -client sdk -key os -value "NA" -context "sdk\\\\hardware/1548398193610"
# webtalk_add_data -client sdk -key apptemplate -value "NA" -context "sdk\\\\hardware/1548398193610"
# webtalk_add_data -client sdk -key RecordType -value "HWCreation" -context "sdk\\\\hardware/1548398193610"
# webtalk_add_data -client sdk -key uid -value "1548398260529" -context "sdk\\\\bsp/1548398260529"
# webtalk_add_data -client sdk -key hwid -value "1548398193610" -context "sdk\\\\bsp/1548398260529"
# webtalk_add_data -client sdk -key os -value "standalone" -context "sdk\\\\bsp/1548398260529"
# webtalk_add_data -client sdk -key apptemplate -value "memory_tests" -context "sdk\\\\bsp/1548398260529"
# webtalk_add_data -client sdk -key RecordType -value "BSPCreation" -context "sdk\\\\bsp/1548398260529"
# webtalk_add_data -client sdk -key uid -value "1548398266070" -context "sdk\\\\application/1548398266070"
# webtalk_add_data -client sdk -key hwid -value "1548398193610" -context "sdk\\\\application/1548398266070"
# webtalk_add_data -client sdk -key bspid -value "1548398260529" -context "sdk\\\\application/1548398266070"
# webtalk_add_data -client sdk -key newbsp -value "true" -context "sdk\\\\application/1548398266070"
# webtalk_add_data -client sdk -key os -value "standalone" -context "sdk\\\\application/1548398266070"
# webtalk_add_data -client sdk -key apptemplate -value "memory_tests" -context "sdk\\\\application/1548398266070"
# webtalk_add_data -client sdk -key RecordType -value "APPCreation" -context "sdk\\\\application/1548398266070"
# webtalk_add_data -client sdk -key LangUsed -value "C" -context "sdk\\\\application/1548398266070"
# webtalk_add_data -client sdk -key Procused -value "ps7_cortexa9" -context "sdk\\\\application/1548398266070"
# webtalk_add_data -client sdk -key projSize -value "252.73828125" -context "sdk\\\\application/1548398266070"
# webtalk_add_data -client sdk -key uid -value "NA" -context "sdk\\\\bsp/1548399934968"
# webtalk_add_data -client sdk -key RecordType -value "ToolUsage" -context "sdk\\\\bsp/1548399934968"
# webtalk_add_data -client sdk -key BootgenCount -value "0" -context "sdk\\\\bsp/1548399934968"
# webtalk_add_data -client sdk -key DebugCount -value "0" -context "sdk\\\\bsp/1548399934968"
# webtalk_add_data -client sdk -key PerfCount -value "0" -context "sdk\\\\bsp/1548399934968"
# webtalk_add_data -client sdk -key FlashCount -value "0" -context "sdk\\\\bsp/1548399934968"
# webtalk_add_data -client sdk -key CrossTriggCount -value "0" -context "sdk\\\\bsp/1548399934968"
# webtalk_add_data -client sdk -key QemuDebugCount -value "0" -context "sdk\\\\bsp/1548399934968"
# webtalk_transmit -clientid 729470339 -regid "210931937_0_0_563" -xml C:\\lab1\\lab1.sdk\\webtalk\\usage_statistics_ext_sdk.xml -html C:\\lab1\\lab1.sdk\\webtalk\\usage_statistics_ext_sdk.html -wdm C:\\lab1\\lab1.sdk\\webtalk\\sdk_webtalk.wdm -intro "<H3>SDK Usage Report</H3><BR>"
# webtalk_terminate
INFO: [Common 17-206] Exiting Webtalk at Thu Jan 24 23:05:37 2019...
