22:36:22 INFO  : Registering command handlers for SDK TCF services
22:36:23 INFO  : Launching XSCT server: xsct.bat -interactive C:\lab1\lab1.sdk\temp_xsdb_launch_script.tcl
22:36:26 INFO  : XSCT server has started successfully.
22:36:26 INFO  : Successfully done setting XSCT server connection channel  
22:36:29 INFO  : Successfully done setting SDK workspace  
22:36:29 INFO  : Processing command line option -hwspec C:/lab1/lab1.sdk/system_wrapper.hdf.
22:41:41 INFO  : Connected to target on host '127.0.0.1' and port '3121'.
22:42:00 INFO  : ----------------XSDB Script----------------
connect -url tcp:127.0.0.1:3121
----------------End of Script----------------

22:44:51 INFO  : Connected to target on host '127.0.0.1' and port '3121'.
22:45:10 INFO  : ----------------XSDB Script----------------
connect -url tcp:127.0.0.1:3121
----------------End of Script----------------

22:51:40 INFO  : Connected to target on host '127.0.0.1' and port '3121'.
22:51:41 INFO  : Jtag cable 'Digilent Zybo 210279772455A' is selected.
22:51:41 INFO  : 'jtag frequency' command is executed.
22:51:41 INFO  : Sourcing of 'C:/lab1/lab1.sdk/system_wrapper_hw_platform_0/ps7_init.tcl' is done.
22:51:41 INFO  : Context for 'APU' is selected.
22:51:41 INFO  : Hardware design information is loaded from 'C:/lab1/lab1.sdk/system_wrapper_hw_platform_0/system.hdf'.
22:51:41 INFO  : 'configparams force-mem-access 1' command is executed.
22:51:41 INFO  : Context for 'APU' is selected.
22:51:41 INFO  : 'stop' command is executed.
22:51:41 INFO  : 'ps7_init' command is executed.
22:51:41 INFO  : 'ps7_post_config' command is executed.
22:51:41 INFO  : Context for processor 'ps7_cortexa9_0' is selected.
22:51:41 INFO  : Processor reset is completed for 'ps7_cortexa9_0'.
22:51:41 INFO  : Context for processor 'ps7_cortexa9_0' is selected.
22:51:41 INFO  : The application 'C:/lab1/lab1.sdk/mem_test/Debug/mem_test.elf' is downloaded to processor 'ps7_cortexa9_0'.
22:51:41 INFO  : 'configparams force-mem-access 0' command is executed.
22:51:41 INFO  : ----------------XSDB Script----------------
connect -url tcp:127.0.0.1:3121
source C:/lab1/lab1.sdk/system_wrapper_hw_platform_0/ps7_init.tcl
targets -set -nocase -filter {name =~"APU*" && jtag_cable_name =~ "Digilent Zybo 210279772455A"} -index 0
loadhw -hw C:/lab1/lab1.sdk/system_wrapper_hw_platform_0/system.hdf -mem-ranges [list {0x40000000 0xbfffffff}]
configparams force-mem-access 1
targets -set -nocase -filter {name =~"APU*" && jtag_cable_name =~ "Digilent Zybo 210279772455A"} -index 0
stop
ps7_init
ps7_post_config
targets -set -nocase -filter {name =~ "ARM*#0" && jtag_cable_name =~ "Digilent Zybo 210279772455A"} -index 0
rst -processor
targets -set -nocase -filter {name =~ "ARM*#0" && jtag_cable_name =~ "Digilent Zybo 210279772455A"} -index 0
dow C:/lab1/lab1.sdk/mem_test/Debug/mem_test.elf
configparams force-mem-access 0
----------------End of Script----------------

22:51:41 INFO  : Context for processor 'ps7_cortexa9_0' is selected.
22:51:41 INFO  : 'con' command is executed.
22:51:41 INFO  : ----------------XSDB Script (After Launch)----------------
targets -set -nocase -filter {name =~ "ARM*#0" && jtag_cable_name =~ "Digilent Zybo 210279772455A"} -index 0
con
----------------End of Script----------------

22:51:41 INFO  : Disconnected from the channel tcfchan#1.
22:55:32 INFO  : Connected to target on host '127.0.0.1' and port '3121'.
22:55:32 INFO  : Jtag cable 'Digilent Zybo 210279772455A' is selected.
22:55:32 INFO  : 'jtag frequency' command is executed.
22:55:32 INFO  : Sourcing of 'C:/lab1/lab1.sdk/system_wrapper_hw_platform_0/ps7_init.tcl' is done.
22:55:32 INFO  : Context for 'APU' is selected.
22:55:32 INFO  : Hardware design information is loaded from 'C:/lab1/lab1.sdk/system_wrapper_hw_platform_0/system.hdf'.
22:55:32 INFO  : 'configparams force-mem-access 1' command is executed.
22:55:33 INFO  : Context for 'APU' is selected.
22:55:33 INFO  : 'stop' command is executed.
22:55:33 INFO  : 'ps7_init' command is executed.
22:55:33 INFO  : 'ps7_post_config' command is executed.
22:55:33 INFO  : Context for processor 'ps7_cortexa9_0' is selected.
22:55:33 INFO  : Processor reset is completed for 'ps7_cortexa9_0'.
22:55:33 INFO  : Context for processor 'ps7_cortexa9_0' is selected.
22:55:33 INFO  : The application 'C:/lab1/lab1.sdk/mem_test/Debug/mem_test.elf' is downloaded to processor 'ps7_cortexa9_0'.
22:55:33 INFO  : 'configparams force-mem-access 0' command is executed.
22:55:33 INFO  : ----------------XSDB Script----------------
connect -url tcp:127.0.0.1:3121
source C:/lab1/lab1.sdk/system_wrapper_hw_platform_0/ps7_init.tcl
targets -set -nocase -filter {name =~"APU*" && jtag_cable_name =~ "Digilent Zybo 210279772455A"} -index 0
loadhw -hw C:/lab1/lab1.sdk/system_wrapper_hw_platform_0/system.hdf -mem-ranges [list {0x40000000 0xbfffffff}]
configparams force-mem-access 1
targets -set -nocase -filter {name =~"APU*" && jtag_cable_name =~ "Digilent Zybo 210279772455A"} -index 0
stop
ps7_init
ps7_post_config
targets -set -nocase -filter {name =~ "ARM*#0" && jtag_cable_name =~ "Digilent Zybo 210279772455A"} -index 0
rst -processor
targets -set -nocase -filter {name =~ "ARM*#0" && jtag_cable_name =~ "Digilent Zybo 210279772455A"} -index 0
dow C:/lab1/lab1.sdk/mem_test/Debug/mem_test.elf
configparams force-mem-access 0
----------------End of Script----------------

22:55:33 INFO  : Context for processor 'ps7_cortexa9_0' is selected.
22:55:33 INFO  : 'con' command is executed.
22:55:33 INFO  : ----------------XSDB Script (After Launch)----------------
targets -set -nocase -filter {name =~ "ARM*#0" && jtag_cable_name =~ "Digilent Zybo 210279772455A"} -index 0
con
----------------End of Script----------------

22:55:33 INFO  : Disconnected from the channel tcfchan#2.
23:01:18 INFO  : Connected to target on host '127.0.0.1' and port '3121'.
23:01:19 INFO  : Jtag cable 'Digilent Zybo 210279772455A' is selected.
23:01:19 INFO  : 'jtag frequency' command is executed.
23:01:19 INFO  : Sourcing of 'C:/lab1/lab1.sdk/system_wrapper_hw_platform_0/ps7_init.tcl' is done.
23:01:19 INFO  : Context for 'APU' is selected.
23:01:19 INFO  : Hardware design information is loaded from 'C:/lab1/lab1.sdk/system_wrapper_hw_platform_0/system.hdf'.
23:01:19 INFO  : 'configparams force-mem-access 1' command is executed.
23:01:19 INFO  : Context for 'APU' is selected.
23:01:19 INFO  : 'stop' command is executed.
23:01:20 INFO  : 'ps7_init' command is executed.
23:01:20 INFO  : 'ps7_post_config' command is executed.
23:01:20 INFO  : Context for processor 'ps7_cortexa9_0' is selected.
23:01:20 INFO  : Processor reset is completed for 'ps7_cortexa9_0'.
23:01:20 INFO  : Context for processor 'ps7_cortexa9_0' is selected.
23:01:20 INFO  : The application 'C:/lab1/lab1.sdk/mem_test/Debug/mem_test.elf' is downloaded to processor 'ps7_cortexa9_0'.
23:01:20 INFO  : 'configparams force-mem-access 0' command is executed.
23:01:20 INFO  : ----------------XSDB Script----------------
connect -url tcp:127.0.0.1:3121
source C:/lab1/lab1.sdk/system_wrapper_hw_platform_0/ps7_init.tcl
targets -set -nocase -filter {name =~"APU*" && jtag_cable_name =~ "Digilent Zybo 210279772455A"} -index 0
loadhw -hw C:/lab1/lab1.sdk/system_wrapper_hw_platform_0/system.hdf -mem-ranges [list {0x40000000 0xbfffffff}]
configparams force-mem-access 1
targets -set -nocase -filter {name =~"APU*" && jtag_cable_name =~ "Digilent Zybo 210279772455A"} -index 0
stop
ps7_init
ps7_post_config
targets -set -nocase -filter {name =~ "ARM*#0" && jtag_cable_name =~ "Digilent Zybo 210279772455A"} -index 0
rst -processor
targets -set -nocase -filter {name =~ "ARM*#0" && jtag_cable_name =~ "Digilent Zybo 210279772455A"} -index 0
dow C:/lab1/lab1.sdk/mem_test/Debug/mem_test.elf
configparams force-mem-access 0
----------------End of Script----------------

23:01:20 INFO  : Context for processor 'ps7_cortexa9_0' is selected.
23:01:20 INFO  : 'con' command is executed.
23:01:20 INFO  : ----------------XSDB Script (After Launch)----------------
targets -set -nocase -filter {name =~ "ARM*#0" && jtag_cable_name =~ "Digilent Zybo 210279772455A"} -index 0
con
----------------End of Script----------------

23:01:20 INFO  : Disconnected from the channel tcfchan#3.
23:02:30 INFO  : Connected to target on host '127.0.0.1' and port '3121'.
23:02:31 INFO  : Jtag cable 'Digilent Zybo 210279772455A' is selected.
23:02:31 INFO  : 'jtag frequency' command is executed.
23:02:31 INFO  : Sourcing of 'C:/lab1/lab1.sdk/system_wrapper_hw_platform_0/ps7_init.tcl' is done.
23:02:31 INFO  : Context for 'APU' is selected.
23:02:31 INFO  : Hardware design information is loaded from 'C:/lab1/lab1.sdk/system_wrapper_hw_platform_0/system.hdf'.
23:02:31 INFO  : 'configparams force-mem-access 1' command is executed.
23:02:31 INFO  : Context for 'APU' is selected.
23:02:31 INFO  : 'stop' command is executed.
23:02:31 INFO  : 'ps7_init' command is executed.
23:02:31 INFO  : 'ps7_post_config' command is executed.
23:02:31 INFO  : Context for processor 'ps7_cortexa9_0' is selected.
23:02:32 INFO  : Processor reset is completed for 'ps7_cortexa9_0'.
23:02:32 INFO  : Context for processor 'ps7_cortexa9_0' is selected.
23:02:32 INFO  : The application 'C:/lab1/lab1.sdk/mem_test/Debug/mem_test.elf' is downloaded to processor 'ps7_cortexa9_0'.
23:02:32 INFO  : 'configparams force-mem-access 0' command is executed.
23:02:32 INFO  : ----------------XSDB Script----------------
connect -url tcp:127.0.0.1:3121
source C:/lab1/lab1.sdk/system_wrapper_hw_platform_0/ps7_init.tcl
targets -set -nocase -filter {name =~"APU*" && jtag_cable_name =~ "Digilent Zybo 210279772455A"} -index 0
loadhw -hw C:/lab1/lab1.sdk/system_wrapper_hw_platform_0/system.hdf -mem-ranges [list {0x40000000 0xbfffffff}]
configparams force-mem-access 1
targets -set -nocase -filter {name =~"APU*" && jtag_cable_name =~ "Digilent Zybo 210279772455A"} -index 0
stop
ps7_init
ps7_post_config
targets -set -nocase -filter {name =~ "ARM*#0" && jtag_cable_name =~ "Digilent Zybo 210279772455A"} -index 0
rst -processor
targets -set -nocase -filter {name =~ "ARM*#0" && jtag_cable_name =~ "Digilent Zybo 210279772455A"} -index 0
dow C:/lab1/lab1.sdk/mem_test/Debug/mem_test.elf
configparams force-mem-access 0
----------------End of Script----------------

23:02:32 INFO  : Context for processor 'ps7_cortexa9_0' is selected.
23:02:32 INFO  : 'con' command is executed.
23:02:32 INFO  : ----------------XSDB Script (After Launch)----------------
targets -set -nocase -filter {name =~ "ARM*#0" && jtag_cable_name =~ "Digilent Zybo 210279772455A"} -index 0
con
----------------End of Script----------------

23:02:32 INFO  : Disconnected from the channel tcfchan#4.
