20:39:20 INFO  : Registering command handlers for SDK TCF services
20:39:21 INFO  : Launching XSCT server: xsct.bat -interactive C:\midterm2_LauroCabral\midterm2_LauroCabral.sdk\temp_xsdb_launch_script.tcl
20:39:23 INFO  : XSCT server has started successfully.
20:39:23 INFO  : Successfully done setting XSCT server connection channel  
20:39:23 INFO  : Successfully done setting SDK workspace  
20:39:23 INFO  : Processing command line option -hwspec C:/midterm2_LauroCabral/midterm2_LauroCabral.sdk/system_wrapper.hdf.
20:44:24 INFO  : Connected to target on host '127.0.0.1' and port '3121'.
20:44:25 INFO  : 'targets -set -filter {jtag_cable_name =~ "Digilent Zybo 210279772455A" && level==0} -index 1' command is executed.
20:44:26 INFO  : FPGA configured successfully with bitstream "C:/midterm2_LauroCabral/midterm2_LauroCabral.sdk/system_wrapper_hw_platform_0/system_wrapper.bit"
20:45:07 INFO  : Connected to target on host '127.0.0.1' and port '3121'.
20:45:07 INFO  : 'targets -set -filter {jtag_cable_name =~ "Digilent Zybo 210279772455A" && level==0} -index 1' command is executed.
20:45:09 INFO  : FPGA configured successfully with bitstream "C:/midterm2_LauroCabral/midterm2_LauroCabral.sdk/system_wrapper_hw_platform_0/system_wrapper.bit"
20:45:16 INFO  : 'targets -set -filter {jtag_cable_name =~ "Digilent Zybo 210279772455A" && level==0} -index 1' command is executed.
20:45:16 INFO  : 'fpga -state' command is executed.
20:45:16 INFO  : Connected to target on host '127.0.0.1' and port '3121'.
20:45:16 INFO  : Jtag cable 'Digilent Zybo 210279772455A' is selected.
20:45:16 INFO  : 'jtag frequency' command is executed.
20:45:16 INFO  : Sourcing of 'C:/midterm2_LauroCabral/midterm2_LauroCabral.sdk/system_wrapper_hw_platform_0/ps7_init.tcl' is done.
20:45:16 INFO  : Context for 'APU' is selected.
20:45:16 INFO  : Hardware design information is loaded from 'C:/midterm2_LauroCabral/midterm2_LauroCabral.sdk/system_wrapper_hw_platform_0/system.hdf'.
20:45:16 INFO  : 'configparams force-mem-access 1' command is executed.
20:45:16 INFO  : Context for 'APU' is selected.
20:45:16 INFO  : 'stop' command is executed.
20:45:16 INFO  : 'ps7_init' command is executed.
20:45:16 INFO  : 'ps7_post_config' command is executed.
20:45:17 INFO  : Context for processor 'ps7_cortexa9_0' is selected.
20:45:17 INFO  : Processor reset is completed for 'ps7_cortexa9_0'.
20:45:17 INFO  : Context for processor 'ps7_cortexa9_0' is selected.
20:45:17 INFO  : The application 'C:/midterm2_LauroCabral/midterm2_LauroCabral.sdk/midterm2/Debug/midterm2.elf' is downloaded to processor 'ps7_cortexa9_0'.
20:45:17 INFO  : 'configparams force-mem-access 0' command is executed.
20:45:17 INFO  : ----------------XSDB Script----------------
connect -url tcp:127.0.0.1:3121
source C:/midterm2_LauroCabral/midterm2_LauroCabral.sdk/system_wrapper_hw_platform_0/ps7_init.tcl
targets -set -nocase -filter {name =~"APU*" && jtag_cable_name =~ "Digilent Zybo 210279772455A"} -index 0
loadhw -hw C:/midterm2_LauroCabral/midterm2_LauroCabral.sdk/system_wrapper_hw_platform_0/system.hdf -mem-ranges [list {0x40000000 0xbfffffff}]
configparams force-mem-access 1
targets -set -nocase -filter {name =~"APU*" && jtag_cable_name =~ "Digilent Zybo 210279772455A"} -index 0
stop
ps7_init
ps7_post_config
targets -set -nocase -filter {name =~ "ARM*#0" && jtag_cable_name =~ "Digilent Zybo 210279772455A"} -index 0
rst -processor
targets -set -nocase -filter {name =~ "ARM*#0" && jtag_cable_name =~ "Digilent Zybo 210279772455A"} -index 0
dow C:/midterm2_LauroCabral/midterm2_LauroCabral.sdk/midterm2/Debug/midterm2.elf
configparams force-mem-access 0
----------------End of Script----------------

20:45:17 INFO  : Context for processor 'ps7_cortexa9_0' is selected.
20:45:17 INFO  : 'con' command is executed.
20:45:17 INFO  : ----------------XSDB Script (After Launch)----------------
targets -set -nocase -filter {name =~ "ARM*#0" && jtag_cable_name =~ "Digilent Zybo 210279772455A"} -index 0
con
----------------End of Script----------------

20:45:17 INFO  : Disconnected from the channel tcfchan#1.
20:52:43 INFO  : Connected to target on host '127.0.0.1' and port '3121'.
20:52:44 INFO  : 'targets -set -filter {jtag_cable_name =~ "Digilent Zybo 210279772455A" && level==0} -index 1' command is executed.
20:52:45 INFO  : FPGA configured successfully with bitstream "C:/midterm2_LauroCabral/midterm2_LauroCabral.sdk/system_wrapper_hw_platform_0/system_wrapper.bit"
20:52:50 INFO  : 'targets -set -filter {jtag_cable_name =~ "Digilent Zybo 210279772455A" && level==0} -index 1' command is executed.
20:52:50 INFO  : 'fpga -state' command is executed.
20:52:50 INFO  : Connected to target on host '127.0.0.1' and port '3121'.
20:52:50 INFO  : Jtag cable 'Digilent Zybo 210279772455A' is selected.
20:52:50 INFO  : 'jtag frequency' command is executed.
20:52:50 INFO  : Sourcing of 'C:/midterm2_LauroCabral/midterm2_LauroCabral.sdk/system_wrapper_hw_platform_0/ps7_init.tcl' is done.
20:52:50 INFO  : Context for 'APU' is selected.
20:52:50 INFO  : Hardware design information is loaded from 'C:/midterm2_LauroCabral/midterm2_LauroCabral.sdk/system_wrapper_hw_platform_0/system.hdf'.
20:52:50 INFO  : 'configparams force-mem-access 1' command is executed.
20:52:50 INFO  : Context for 'APU' is selected.
20:52:50 INFO  : 'stop' command is executed.
20:52:51 INFO  : 'ps7_init' command is executed.
20:52:51 INFO  : 'ps7_post_config' command is executed.
20:52:51 INFO  : Context for processor 'ps7_cortexa9_0' is selected.
20:52:51 INFO  : Processor reset is completed for 'ps7_cortexa9_0'.
20:52:51 INFO  : Context for processor 'ps7_cortexa9_0' is selected.
20:52:51 INFO  : The application 'C:/midterm2_LauroCabral/midterm2_LauroCabral.sdk/midterm2/Debug/midterm2.elf' is downloaded to processor 'ps7_cortexa9_0'.
20:52:51 INFO  : 'configparams force-mem-access 0' command is executed.
20:52:51 INFO  : ----------------XSDB Script----------------
connect -url tcp:127.0.0.1:3121
source C:/midterm2_LauroCabral/midterm2_LauroCabral.sdk/system_wrapper_hw_platform_0/ps7_init.tcl
targets -set -nocase -filter {name =~"APU*" && jtag_cable_name =~ "Digilent Zybo 210279772455A"} -index 0
loadhw -hw C:/midterm2_LauroCabral/midterm2_LauroCabral.sdk/system_wrapper_hw_platform_0/system.hdf -mem-ranges [list {0x40000000 0xbfffffff}]
configparams force-mem-access 1
targets -set -nocase -filter {name =~"APU*" && jtag_cable_name =~ "Digilent Zybo 210279772455A"} -index 0
stop
ps7_init
ps7_post_config
targets -set -nocase -filter {name =~ "ARM*#0" && jtag_cable_name =~ "Digilent Zybo 210279772455A"} -index 0
rst -processor
targets -set -nocase -filter {name =~ "ARM*#0" && jtag_cable_name =~ "Digilent Zybo 210279772455A"} -index 0
dow C:/midterm2_LauroCabral/midterm2_LauroCabral.sdk/midterm2/Debug/midterm2.elf
configparams force-mem-access 0
----------------End of Script----------------

20:52:51 INFO  : Context for processor 'ps7_cortexa9_0' is selected.
20:52:51 INFO  : 'con' command is executed.
20:52:51 INFO  : ----------------XSDB Script (After Launch)----------------
targets -set -nocase -filter {name =~ "ARM*#0" && jtag_cable_name =~ "Digilent Zybo 210279772455A"} -index 0
con
----------------End of Script----------------

20:52:51 INFO  : Disconnected from the channel tcfchan#2.
21:05:37 INFO  : 'targets -set -filter {jtag_cable_name =~ "Digilent Zybo 210279772455A" && level==0} -index 1' command is executed.
21:05:37 INFO  : 'fpga -state' command is executed.
21:05:37 INFO  : Connected to target on host '127.0.0.1' and port '3121'.
21:05:38 INFO  : Jtag cable 'Digilent Zybo 210279772455A' is selected.
21:05:38 INFO  : 'jtag frequency' command is executed.
21:05:38 INFO  : Sourcing of 'C:/midterm2_LauroCabral/midterm2_LauroCabral.sdk/system_wrapper_hw_platform_0/ps7_init.tcl' is done.
21:05:38 INFO  : Context for 'APU' is selected.
21:05:38 INFO  : Hardware design information is loaded from 'C:/midterm2_LauroCabral/midterm2_LauroCabral.sdk/system_wrapper_hw_platform_0/system.hdf'.
21:05:38 INFO  : 'configparams force-mem-access 1' command is executed.
21:05:38 INFO  : Context for 'APU' is selected.
21:05:38 INFO  : 'stop' command is executed.
21:05:38 INFO  : 'ps7_init' command is executed.
21:05:38 INFO  : 'ps7_post_config' command is executed.
21:05:38 INFO  : Context for processor 'ps7_cortexa9_0' is selected.
21:05:38 INFO  : Processor reset is completed for 'ps7_cortexa9_0'.
21:05:39 INFO  : Context for processor 'ps7_cortexa9_0' is selected.
21:05:39 INFO  : The application 'C:/midterm2_LauroCabral/midterm2_LauroCabral.sdk/midterm2/Debug/midterm2.elf' is downloaded to processor 'ps7_cortexa9_0'.
21:05:39 INFO  : 'configparams force-mem-access 0' command is executed.
21:05:39 INFO  : ----------------XSDB Script----------------
connect -url tcp:127.0.0.1:3121
source C:/midterm2_LauroCabral/midterm2_LauroCabral.sdk/system_wrapper_hw_platform_0/ps7_init.tcl
targets -set -nocase -filter {name =~"APU*" && jtag_cable_name =~ "Digilent Zybo 210279772455A"} -index 0
loadhw -hw C:/midterm2_LauroCabral/midterm2_LauroCabral.sdk/system_wrapper_hw_platform_0/system.hdf -mem-ranges [list {0x40000000 0xbfffffff}]
configparams force-mem-access 1
targets -set -nocase -filter {name =~"APU*" && jtag_cable_name =~ "Digilent Zybo 210279772455A"} -index 0
stop
ps7_init
ps7_post_config
targets -set -nocase -filter {name =~ "ARM*#0" && jtag_cable_name =~ "Digilent Zybo 210279772455A"} -index 0
rst -processor
targets -set -nocase -filter {name =~ "ARM*#0" && jtag_cable_name =~ "Digilent Zybo 210279772455A"} -index 0
dow C:/midterm2_LauroCabral/midterm2_LauroCabral.sdk/midterm2/Debug/midterm2.elf
configparams force-mem-access 0
----------------End of Script----------------

21:05:39 INFO  : Context for processor 'ps7_cortexa9_0' is selected.
21:05:39 INFO  : 'con' command is executed.
21:05:39 INFO  : ----------------XSDB Script (After Launch)----------------
targets -set -nocase -filter {name =~ "ARM*#0" && jtag_cable_name =~ "Digilent Zybo 210279772455A"} -index 0
con
----------------End of Script----------------

21:05:39 INFO  : Disconnected from the channel tcfchan#3.
21:07:37 INFO  : 'targets -set -filter {jtag_cable_name =~ "Digilent Zybo 210279772455A" && level==0} -index 1' command is executed.
21:07:37 INFO  : 'fpga -state' command is executed.
21:07:37 INFO  : Connected to target on host '127.0.0.1' and port '3121'.
21:07:37 INFO  : Jtag cable 'Digilent Zybo 210279772455A' is selected.
21:07:37 INFO  : 'jtag frequency' command is executed.
21:07:37 INFO  : Sourcing of 'C:/midterm2_LauroCabral/midterm2_LauroCabral.sdk/system_wrapper_hw_platform_0/ps7_init.tcl' is done.
21:07:37 INFO  : Context for 'APU' is selected.
21:07:37 INFO  : Hardware design information is loaded from 'C:/midterm2_LauroCabral/midterm2_LauroCabral.sdk/system_wrapper_hw_platform_0/system.hdf'.
21:07:37 INFO  : 'configparams force-mem-access 1' command is executed.
21:07:37 INFO  : Context for 'APU' is selected.
21:07:37 INFO  : 'stop' command is executed.
21:07:37 INFO  : 'ps7_init' command is executed.
21:07:37 INFO  : 'ps7_post_config' command is executed.
21:07:37 INFO  : Context for processor 'ps7_cortexa9_0' is selected.
21:07:38 INFO  : Processor reset is completed for 'ps7_cortexa9_0'.
21:07:38 INFO  : Context for processor 'ps7_cortexa9_0' is selected.
21:07:38 INFO  : The application 'C:/midterm2_LauroCabral/midterm2_LauroCabral.sdk/midterm2/Debug/midterm2.elf' is downloaded to processor 'ps7_cortexa9_0'.
21:07:38 INFO  : 'configparams force-mem-access 0' command is executed.
21:07:38 INFO  : ----------------XSDB Script----------------
connect -url tcp:127.0.0.1:3121
source C:/midterm2_LauroCabral/midterm2_LauroCabral.sdk/system_wrapper_hw_platform_0/ps7_init.tcl
targets -set -nocase -filter {name =~"APU*" && jtag_cable_name =~ "Digilent Zybo 210279772455A"} -index 0
loadhw -hw C:/midterm2_LauroCabral/midterm2_LauroCabral.sdk/system_wrapper_hw_platform_0/system.hdf -mem-ranges [list {0x40000000 0xbfffffff}]
configparams force-mem-access 1
targets -set -nocase -filter {name =~"APU*" && jtag_cable_name =~ "Digilent Zybo 210279772455A"} -index 0
stop
ps7_init
ps7_post_config
targets -set -nocase -filter {name =~ "ARM*#0" && jtag_cable_name =~ "Digilent Zybo 210279772455A"} -index 0
rst -processor
targets -set -nocase -filter {name =~ "ARM*#0" && jtag_cable_name =~ "Digilent Zybo 210279772455A"} -index 0
dow C:/midterm2_LauroCabral/midterm2_LauroCabral.sdk/midterm2/Debug/midterm2.elf
configparams force-mem-access 0
----------------End of Script----------------

21:07:38 INFO  : Context for processor 'ps7_cortexa9_0' is selected.
21:07:38 INFO  : 'con' command is executed.
21:07:38 INFO  : ----------------XSDB Script (After Launch)----------------
targets -set -nocase -filter {name =~ "ARM*#0" && jtag_cable_name =~ "Digilent Zybo 210279772455A"} -index 0
con
----------------End of Script----------------

21:07:38 INFO  : Disconnected from the channel tcfchan#4.
21:08:29 INFO  : 'targets -set -filter {jtag_cable_name =~ "Digilent Zybo 210279772455A" && level==0} -index 1' command is executed.
21:08:30 INFO  : 'fpga -state' command is executed.
21:08:30 INFO  : Connected to target on host '127.0.0.1' and port '3121'.
21:08:30 INFO  : Jtag cable 'Digilent Zybo 210279772455A' is selected.
21:08:30 INFO  : 'jtag frequency' command is executed.
21:08:30 INFO  : Sourcing of 'C:/midterm2_LauroCabral/midterm2_LauroCabral.sdk/system_wrapper_hw_platform_0/ps7_init.tcl' is done.
21:08:30 INFO  : Context for 'APU' is selected.
21:08:30 INFO  : Hardware design information is loaded from 'C:/midterm2_LauroCabral/midterm2_LauroCabral.sdk/system_wrapper_hw_platform_0/system.hdf'.
21:08:30 INFO  : 'configparams force-mem-access 1' command is executed.
21:08:30 INFO  : Context for 'APU' is selected.
21:08:30 INFO  : 'stop' command is executed.
21:08:31 INFO  : 'ps7_init' command is executed.
21:08:31 INFO  : 'ps7_post_config' command is executed.
21:08:31 INFO  : Context for processor 'ps7_cortexa9_0' is selected.
21:08:31 INFO  : Processor reset is completed for 'ps7_cortexa9_0'.
21:08:31 INFO  : Context for processor 'ps7_cortexa9_0' is selected.
21:08:31 INFO  : The application 'C:/midterm2_LauroCabral/midterm2_LauroCabral.sdk/midterm2/Debug/midterm2.elf' is downloaded to processor 'ps7_cortexa9_0'.
21:08:31 INFO  : 'configparams force-mem-access 0' command is executed.
21:08:31 INFO  : ----------------XSDB Script----------------
connect -url tcp:127.0.0.1:3121
source C:/midterm2_LauroCabral/midterm2_LauroCabral.sdk/system_wrapper_hw_platform_0/ps7_init.tcl
targets -set -nocase -filter {name =~"APU*" && jtag_cable_name =~ "Digilent Zybo 210279772455A"} -index 0
loadhw -hw C:/midterm2_LauroCabral/midterm2_LauroCabral.sdk/system_wrapper_hw_platform_0/system.hdf -mem-ranges [list {0x40000000 0xbfffffff}]
configparams force-mem-access 1
targets -set -nocase -filter {name =~"APU*" && jtag_cable_name =~ "Digilent Zybo 210279772455A"} -index 0
stop
ps7_init
ps7_post_config
targets -set -nocase -filter {name =~ "ARM*#0" && jtag_cable_name =~ "Digilent Zybo 210279772455A"} -index 0
rst -processor
targets -set -nocase -filter {name =~ "ARM*#0" && jtag_cable_name =~ "Digilent Zybo 210279772455A"} -index 0
dow C:/midterm2_LauroCabral/midterm2_LauroCabral.sdk/midterm2/Debug/midterm2.elf
configparams force-mem-access 0
----------------End of Script----------------

21:08:31 INFO  : Context for processor 'ps7_cortexa9_0' is selected.
21:08:31 INFO  : 'con' command is executed.
21:08:31 INFO  : ----------------XSDB Script (After Launch)----------------
targets -set -nocase -filter {name =~ "ARM*#0" && jtag_cable_name =~ "Digilent Zybo 210279772455A"} -index 0
con
----------------End of Script----------------

21:08:31 INFO  : Disconnected from the channel tcfchan#5.
21:09:41 INFO  : 'targets -set -filter {jtag_cable_name =~ "Digilent Zybo 210279772455A" && level==0} -index 1' command is executed.
21:09:41 INFO  : 'fpga -state' command is executed.
21:09:41 INFO  : Connected to target on host '127.0.0.1' and port '3121'.
21:09:42 INFO  : Jtag cable 'Digilent Zybo 210279772455A' is selected.
21:09:42 INFO  : 'jtag frequency' command is executed.
21:09:42 INFO  : Sourcing of 'C:/midterm2_LauroCabral/midterm2_LauroCabral.sdk/system_wrapper_hw_platform_0/ps7_init.tcl' is done.
21:09:42 INFO  : Context for 'APU' is selected.
21:09:42 INFO  : Hardware design information is loaded from 'C:/midterm2_LauroCabral/midterm2_LauroCabral.sdk/system_wrapper_hw_platform_0/system.hdf'.
21:09:42 INFO  : 'configparams force-mem-access 1' command is executed.
21:09:42 INFO  : Context for 'APU' is selected.
21:09:42 INFO  : 'stop' command is executed.
21:09:42 INFO  : 'ps7_init' command is executed.
21:09:42 INFO  : 'ps7_post_config' command is executed.
21:09:42 INFO  : Context for processor 'ps7_cortexa9_0' is selected.
21:09:42 INFO  : Processor reset is completed for 'ps7_cortexa9_0'.
21:09:42 INFO  : Context for processor 'ps7_cortexa9_0' is selected.
21:09:42 INFO  : The application 'C:/midterm2_LauroCabral/midterm2_LauroCabral.sdk/midterm2/Debug/midterm2.elf' is downloaded to processor 'ps7_cortexa9_0'.
21:09:42 INFO  : 'configparams force-mem-access 0' command is executed.
21:09:42 INFO  : ----------------XSDB Script----------------
connect -url tcp:127.0.0.1:3121
source C:/midterm2_LauroCabral/midterm2_LauroCabral.sdk/system_wrapper_hw_platform_0/ps7_init.tcl
targets -set -nocase -filter {name =~"APU*" && jtag_cable_name =~ "Digilent Zybo 210279772455A"} -index 0
loadhw -hw C:/midterm2_LauroCabral/midterm2_LauroCabral.sdk/system_wrapper_hw_platform_0/system.hdf -mem-ranges [list {0x40000000 0xbfffffff}]
configparams force-mem-access 1
targets -set -nocase -filter {name =~"APU*" && jtag_cable_name =~ "Digilent Zybo 210279772455A"} -index 0
stop
ps7_init
ps7_post_config
targets -set -nocase -filter {name =~ "ARM*#0" && jtag_cable_name =~ "Digilent Zybo 210279772455A"} -index 0
rst -processor
targets -set -nocase -filter {name =~ "ARM*#0" && jtag_cable_name =~ "Digilent Zybo 210279772455A"} -index 0
dow C:/midterm2_LauroCabral/midterm2_LauroCabral.sdk/midterm2/Debug/midterm2.elf
configparams force-mem-access 0
----------------End of Script----------------

21:09:43 INFO  : Context for processor 'ps7_cortexa9_0' is selected.
21:09:43 INFO  : 'con' command is executed.
21:09:43 INFO  : ----------------XSDB Script (After Launch)----------------
targets -set -nocase -filter {name =~ "ARM*#0" && jtag_cable_name =~ "Digilent Zybo 210279772455A"} -index 0
con
----------------End of Script----------------

21:09:43 INFO  : Disconnected from the channel tcfchan#6.
21:11:35 INFO  : 'targets -set -filter {jtag_cable_name =~ "Digilent Zybo 210279772455A" && level==0} -index 1' command is executed.
21:11:35 INFO  : 'fpga -state' command is executed.
21:11:35 INFO  : Connected to target on host '127.0.0.1' and port '3121'.
21:11:36 INFO  : Jtag cable 'Digilent Zybo 210279772455A' is selected.
21:11:36 INFO  : 'jtag frequency' command is executed.
21:11:36 INFO  : Sourcing of 'C:/midterm2_LauroCabral/midterm2_LauroCabral.sdk/system_wrapper_hw_platform_0/ps7_init.tcl' is done.
21:11:36 INFO  : Context for 'APU' is selected.
21:11:36 INFO  : Hardware design information is loaded from 'C:/midterm2_LauroCabral/midterm2_LauroCabral.sdk/system_wrapper_hw_platform_0/system.hdf'.
21:11:36 INFO  : 'configparams force-mem-access 1' command is executed.
21:11:36 INFO  : Context for 'APU' is selected.
21:11:36 INFO  : 'stop' command is executed.
21:11:36 INFO  : 'ps7_init' command is executed.
21:11:36 INFO  : 'ps7_post_config' command is executed.
21:11:36 INFO  : Context for processor 'ps7_cortexa9_0' is selected.
21:11:36 INFO  : Processor reset is completed for 'ps7_cortexa9_0'.
21:11:36 INFO  : Context for processor 'ps7_cortexa9_0' is selected.
21:11:37 INFO  : The application 'C:/midterm2_LauroCabral/midterm2_LauroCabral.sdk/midterm2/Debug/midterm2.elf' is downloaded to processor 'ps7_cortexa9_0'.
21:11:37 INFO  : 'configparams force-mem-access 0' command is executed.
21:11:37 INFO  : ----------------XSDB Script----------------
connect -url tcp:127.0.0.1:3121
source C:/midterm2_LauroCabral/midterm2_LauroCabral.sdk/system_wrapper_hw_platform_0/ps7_init.tcl
targets -set -nocase -filter {name =~"APU*" && jtag_cable_name =~ "Digilent Zybo 210279772455A"} -index 0
loadhw -hw C:/midterm2_LauroCabral/midterm2_LauroCabral.sdk/system_wrapper_hw_platform_0/system.hdf -mem-ranges [list {0x40000000 0xbfffffff}]
configparams force-mem-access 1
targets -set -nocase -filter {name =~"APU*" && jtag_cable_name =~ "Digilent Zybo 210279772455A"} -index 0
stop
ps7_init
ps7_post_config
targets -set -nocase -filter {name =~ "ARM*#0" && jtag_cable_name =~ "Digilent Zybo 210279772455A"} -index 0
rst -processor
targets -set -nocase -filter {name =~ "ARM*#0" && jtag_cable_name =~ "Digilent Zybo 210279772455A"} -index 0
dow C:/midterm2_LauroCabral/midterm2_LauroCabral.sdk/midterm2/Debug/midterm2.elf
configparams force-mem-access 0
----------------End of Script----------------

21:11:37 INFO  : Context for processor 'ps7_cortexa9_0' is selected.
21:11:37 INFO  : 'con' command is executed.
21:11:37 INFO  : ----------------XSDB Script (After Launch)----------------
targets -set -nocase -filter {name =~ "ARM*#0" && jtag_cable_name =~ "Digilent Zybo 210279772455A"} -index 0
con
----------------End of Script----------------

21:11:37 INFO  : Disconnected from the channel tcfchan#7.
21:11:57 INFO  : 'targets -set -filter {jtag_cable_name =~ "Digilent Zybo 210279772455A" && level==0} -index 1' command is executed.
21:11:57 INFO  : 'fpga -state' command is executed.
21:11:57 INFO  : Connected to target on host '127.0.0.1' and port '3121'.
21:11:58 INFO  : Jtag cable 'Digilent Zybo 210279772455A' is selected.
21:11:58 INFO  : 'jtag frequency' command is executed.
21:11:58 INFO  : Sourcing of 'C:/midterm2_LauroCabral/midterm2_LauroCabral.sdk/system_wrapper_hw_platform_0/ps7_init.tcl' is done.
21:11:58 INFO  : Context for 'APU' is selected.
21:11:58 INFO  : Hardware design information is loaded from 'C:/midterm2_LauroCabral/midterm2_LauroCabral.sdk/system_wrapper_hw_platform_0/system.hdf'.
21:11:58 INFO  : 'configparams force-mem-access 1' command is executed.
21:11:58 INFO  : Context for 'APU' is selected.
21:11:58 INFO  : 'stop' command is executed.
21:11:58 INFO  : 'ps7_init' command is executed.
21:11:58 INFO  : 'ps7_post_config' command is executed.
21:11:58 INFO  : Context for processor 'ps7_cortexa9_0' is selected.
21:11:59 INFO  : Processor reset is completed for 'ps7_cortexa9_0'.
21:11:59 INFO  : Context for processor 'ps7_cortexa9_0' is selected.
21:11:59 INFO  : The application 'C:/midterm2_LauroCabral/midterm2_LauroCabral.sdk/midterm2/Debug/midterm2.elf' is downloaded to processor 'ps7_cortexa9_0'.
21:11:59 INFO  : 'configparams force-mem-access 0' command is executed.
21:11:59 INFO  : ----------------XSDB Script----------------
connect -url tcp:127.0.0.1:3121
source C:/midterm2_LauroCabral/midterm2_LauroCabral.sdk/system_wrapper_hw_platform_0/ps7_init.tcl
targets -set -nocase -filter {name =~"APU*" && jtag_cable_name =~ "Digilent Zybo 210279772455A"} -index 0
loadhw -hw C:/midterm2_LauroCabral/midterm2_LauroCabral.sdk/system_wrapper_hw_platform_0/system.hdf -mem-ranges [list {0x40000000 0xbfffffff}]
configparams force-mem-access 1
targets -set -nocase -filter {name =~"APU*" && jtag_cable_name =~ "Digilent Zybo 210279772455A"} -index 0
stop
ps7_init
ps7_post_config
targets -set -nocase -filter {name =~ "ARM*#0" && jtag_cable_name =~ "Digilent Zybo 210279772455A"} -index 0
rst -processor
targets -set -nocase -filter {name =~ "ARM*#0" && jtag_cable_name =~ "Digilent Zybo 210279772455A"} -index 0
dow C:/midterm2_LauroCabral/midterm2_LauroCabral.sdk/midterm2/Debug/midterm2.elf
configparams force-mem-access 0
----------------End of Script----------------

21:11:59 INFO  : Context for processor 'ps7_cortexa9_0' is selected.
21:11:59 INFO  : 'con' command is executed.
21:11:59 INFO  : ----------------XSDB Script (After Launch)----------------
targets -set -nocase -filter {name =~ "ARM*#0" && jtag_cable_name =~ "Digilent Zybo 210279772455A"} -index 0
con
----------------End of Script----------------

21:11:59 INFO  : Disconnected from the channel tcfchan#8.
21:12:19 INFO  : 'targets -set -filter {jtag_cable_name =~ "Digilent Zybo 210279772455A" && level==0} -index 1' command is executed.
21:12:20 INFO  : 'fpga -state' command is executed.
21:12:20 INFO  : Connected to target on host '127.0.0.1' and port '3121'.
21:12:20 INFO  : Jtag cable 'Digilent Zybo 210279772455A' is selected.
21:12:20 INFO  : 'jtag frequency' command is executed.
21:12:20 INFO  : Sourcing of 'C:/midterm2_LauroCabral/midterm2_LauroCabral.sdk/system_wrapper_hw_platform_0/ps7_init.tcl' is done.
21:12:20 INFO  : Context for 'APU' is selected.
21:12:20 INFO  : Hardware design information is loaded from 'C:/midterm2_LauroCabral/midterm2_LauroCabral.sdk/system_wrapper_hw_platform_0/system.hdf'.
21:12:20 INFO  : 'configparams force-mem-access 1' command is executed.
21:12:20 INFO  : Context for 'APU' is selected.
21:12:20 INFO  : 'stop' command is executed.
21:12:21 INFO  : 'ps7_init' command is executed.
21:12:21 INFO  : 'ps7_post_config' command is executed.
21:12:21 INFO  : Context for processor 'ps7_cortexa9_0' is selected.
21:12:21 INFO  : Processor reset is completed for 'ps7_cortexa9_0'.
21:12:21 INFO  : Context for processor 'ps7_cortexa9_0' is selected.
21:12:21 INFO  : The application 'C:/midterm2_LauroCabral/midterm2_LauroCabral.sdk/midterm2/Debug/midterm2.elf' is downloaded to processor 'ps7_cortexa9_0'.
21:12:21 INFO  : 'configparams force-mem-access 0' command is executed.
21:12:21 INFO  : ----------------XSDB Script----------------
connect -url tcp:127.0.0.1:3121
source C:/midterm2_LauroCabral/midterm2_LauroCabral.sdk/system_wrapper_hw_platform_0/ps7_init.tcl
targets -set -nocase -filter {name =~"APU*" && jtag_cable_name =~ "Digilent Zybo 210279772455A"} -index 0
loadhw -hw C:/midterm2_LauroCabral/midterm2_LauroCabral.sdk/system_wrapper_hw_platform_0/system.hdf -mem-ranges [list {0x40000000 0xbfffffff}]
configparams force-mem-access 1
targets -set -nocase -filter {name =~"APU*" && jtag_cable_name =~ "Digilent Zybo 210279772455A"} -index 0
stop
ps7_init
ps7_post_config
targets -set -nocase -filter {name =~ "ARM*#0" && jtag_cable_name =~ "Digilent Zybo 210279772455A"} -index 0
rst -processor
targets -set -nocase -filter {name =~ "ARM*#0" && jtag_cable_name =~ "Digilent Zybo 210279772455A"} -index 0
dow C:/midterm2_LauroCabral/midterm2_LauroCabral.sdk/midterm2/Debug/midterm2.elf
configparams force-mem-access 0
----------------End of Script----------------

21:12:21 INFO  : Context for processor 'ps7_cortexa9_0' is selected.
21:12:21 INFO  : 'con' command is executed.
21:12:21 INFO  : ----------------XSDB Script (After Launch)----------------
targets -set -nocase -filter {name =~ "ARM*#0" && jtag_cable_name =~ "Digilent Zybo 210279772455A"} -index 0
con
----------------End of Script----------------

21:12:21 INFO  : Disconnected from the channel tcfchan#9.
21:13:34 INFO  : 'targets -set -filter {jtag_cable_name =~ "Digilent Zybo 210279772455A" && level==0} -index 1' command is executed.
21:13:34 INFO  : 'fpga -state' command is executed.
21:13:34 INFO  : Connected to target on host '127.0.0.1' and port '3121'.
21:13:34 INFO  : Jtag cable 'Digilent Zybo 210279772455A' is selected.
21:13:34 INFO  : 'jtag frequency' command is executed.
21:13:34 INFO  : Sourcing of 'C:/midterm2_LauroCabral/midterm2_LauroCabral.sdk/system_wrapper_hw_platform_0/ps7_init.tcl' is done.
21:13:35 INFO  : Context for 'APU' is selected.
21:13:35 INFO  : Hardware design information is loaded from 'C:/midterm2_LauroCabral/midterm2_LauroCabral.sdk/system_wrapper_hw_platform_0/system.hdf'.
21:13:35 INFO  : 'configparams force-mem-access 1' command is executed.
21:13:35 INFO  : Context for 'APU' is selected.
21:13:35 INFO  : 'stop' command is executed.
21:13:35 INFO  : 'ps7_init' command is executed.
21:13:35 INFO  : 'ps7_post_config' command is executed.
21:13:35 INFO  : Context for processor 'ps7_cortexa9_0' is selected.
21:13:35 INFO  : Processor reset is completed for 'ps7_cortexa9_0'.
21:13:35 INFO  : Context for processor 'ps7_cortexa9_0' is selected.
21:13:36 INFO  : The application 'C:/midterm2_LauroCabral/midterm2_LauroCabral.sdk/midterm2/Debug/midterm2.elf' is downloaded to processor 'ps7_cortexa9_0'.
21:13:36 INFO  : 'configparams force-mem-access 0' command is executed.
21:13:36 INFO  : ----------------XSDB Script----------------
connect -url tcp:127.0.0.1:3121
source C:/midterm2_LauroCabral/midterm2_LauroCabral.sdk/system_wrapper_hw_platform_0/ps7_init.tcl
targets -set -nocase -filter {name =~"APU*" && jtag_cable_name =~ "Digilent Zybo 210279772455A"} -index 0
loadhw -hw C:/midterm2_LauroCabral/midterm2_LauroCabral.sdk/system_wrapper_hw_platform_0/system.hdf -mem-ranges [list {0x40000000 0xbfffffff}]
configparams force-mem-access 1
targets -set -nocase -filter {name =~"APU*" && jtag_cable_name =~ "Digilent Zybo 210279772455A"} -index 0
stop
ps7_init
ps7_post_config
targets -set -nocase -filter {name =~ "ARM*#0" && jtag_cable_name =~ "Digilent Zybo 210279772455A"} -index 0
rst -processor
targets -set -nocase -filter {name =~ "ARM*#0" && jtag_cable_name =~ "Digilent Zybo 210279772455A"} -index 0
dow C:/midterm2_LauroCabral/midterm2_LauroCabral.sdk/midterm2/Debug/midterm2.elf
configparams force-mem-access 0
----------------End of Script----------------

21:13:36 INFO  : Context for processor 'ps7_cortexa9_0' is selected.
21:13:36 INFO  : 'con' command is executed.
21:13:36 INFO  : ----------------XSDB Script (After Launch)----------------
targets -set -nocase -filter {name =~ "ARM*#0" && jtag_cable_name =~ "Digilent Zybo 210279772455A"} -index 0
con
----------------End of Script----------------

21:13:36 INFO  : Disconnected from the channel tcfchan#10.
21:15:03 INFO  : 'targets -set -filter {jtag_cable_name =~ "Digilent Zybo 210279772455A" && level==0} -index 1' command is executed.
21:15:03 INFO  : 'fpga -state' command is executed.
21:15:04 INFO  : Connected to target on host '127.0.0.1' and port '3121'.
21:15:04 INFO  : Jtag cable 'Digilent Zybo 210279772455A' is selected.
21:15:04 INFO  : 'jtag frequency' command is executed.
21:15:04 INFO  : Sourcing of 'C:/midterm2_LauroCabral/midterm2_LauroCabral.sdk/system_wrapper_hw_platform_0/ps7_init.tcl' is done.
21:15:04 INFO  : Context for 'APU' is selected.
21:15:04 INFO  : Hardware design information is loaded from 'C:/midterm2_LauroCabral/midterm2_LauroCabral.sdk/system_wrapper_hw_platform_0/system.hdf'.
21:15:04 INFO  : 'configparams force-mem-access 1' command is executed.
21:15:04 INFO  : Context for 'APU' is selected.
21:15:04 INFO  : 'stop' command is executed.
21:15:05 INFO  : 'ps7_init' command is executed.
21:15:05 INFO  : 'ps7_post_config' command is executed.
21:15:05 INFO  : Context for processor 'ps7_cortexa9_0' is selected.
21:15:05 INFO  : Processor reset is completed for 'ps7_cortexa9_0'.
21:15:05 INFO  : Context for processor 'ps7_cortexa9_0' is selected.
21:15:05 INFO  : The application 'C:/midterm2_LauroCabral/midterm2_LauroCabral.sdk/midterm2/Debug/midterm2.elf' is downloaded to processor 'ps7_cortexa9_0'.
21:15:05 INFO  : 'configparams force-mem-access 0' command is executed.
21:15:05 INFO  : ----------------XSDB Script----------------
connect -url tcp:127.0.0.1:3121
source C:/midterm2_LauroCabral/midterm2_LauroCabral.sdk/system_wrapper_hw_platform_0/ps7_init.tcl
targets -set -nocase -filter {name =~"APU*" && jtag_cable_name =~ "Digilent Zybo 210279772455A"} -index 0
loadhw -hw C:/midterm2_LauroCabral/midterm2_LauroCabral.sdk/system_wrapper_hw_platform_0/system.hdf -mem-ranges [list {0x40000000 0xbfffffff}]
configparams force-mem-access 1
targets -set -nocase -filter {name =~"APU*" && jtag_cable_name =~ "Digilent Zybo 210279772455A"} -index 0
stop
ps7_init
ps7_post_config
targets -set -nocase -filter {name =~ "ARM*#0" && jtag_cable_name =~ "Digilent Zybo 210279772455A"} -index 0
rst -processor
targets -set -nocase -filter {name =~ "ARM*#0" && jtag_cable_name =~ "Digilent Zybo 210279772455A"} -index 0
dow C:/midterm2_LauroCabral/midterm2_LauroCabral.sdk/midterm2/Debug/midterm2.elf
configparams force-mem-access 0
----------------End of Script----------------

21:15:05 INFO  : Context for processor 'ps7_cortexa9_0' is selected.
21:15:05 INFO  : 'con' command is executed.
21:15:05 INFO  : ----------------XSDB Script (After Launch)----------------
targets -set -nocase -filter {name =~ "ARM*#0" && jtag_cable_name =~ "Digilent Zybo 210279772455A"} -index 0
con
----------------End of Script----------------

21:15:05 INFO  : Disconnected from the channel tcfchan#11.
