19:20:06 INFO  : Launching XSDB server: xsdb.bat -interactive C:\Users\lauro\lab4\temp_xsdb_launch_script.tcl
19:20:08 INFO  : XSDB server has started successfully.
19:20:10 INFO  : Processing command line option -hwspec C:/Users/lauro/lab4.
19:20:10 ERROR : Error occurred while creating hardware platform lab4_hw_platform_0 from sysdef
java.io.FileNotFoundException: C:\Users\lauro\lab4 (Access is denied)
	at java.io.FileInputStream.open0(Native Method)
	at java.io.FileInputStream.open(FileInputStream.java:195)
	at java.io.FileInputStream.<init>(FileInputStream.java:138)
	at java.io.FileInputStream.<init>(FileInputStream.java:93)
	at com.xilinx.sdk.hw.internal.HwProjectCreator.createHwProjectFromZip(HwProjectCreator.java:100)
	at com.xilinx.sdk.hw.HwProjectUtil.internalCreate(HwProjectUtil.java:187)
	at com.xilinx.sdk.hw.HwProjectUtil.makeNewHardwareProject(HwProjectUtil.java:138)
	at com.xilinx.sdk.hw.HwProjectUtil.makeNewHardwareProject(HwProjectUtil.java:125)
	at com.xilinx.sdk.hw.HwProjectUtil.makeNewHardwareProject(HwProjectUtil.java:100)
	at com.xilinx.sdk.startup.InitSDK.processHwSpecArgumentTask(InitSDK.java:436)
	at com.xilinx.sdk.startup.InitSDK.access$7(InitSDK.java:418)
	at com.xilinx.sdk.startup.InitSDK$12.run(InitSDK.java:369)
	at org.eclipse.core.internal.jobs.Worker.run(Worker.java:55)
19:21:40 INFO  : Launching XSDB server: xsdb.bat -interactive C:\Users\lauro\lab4\temp_xsdb_launch_script.tcl
19:21:41 INFO  : XSDB server has started successfully.
19:21:41 INFO  : Processing command line option -hwspec C:/Users/lauro/lab4.
19:21:42 ERROR : Error occurred while creating hardware platform lab4_hw_platform_1 from sysdef
java.io.FileNotFoundException: C:\Users\lauro\lab4 (Access is denied)
	at java.io.FileInputStream.open0(Native Method)
	at java.io.FileInputStream.open(FileInputStream.java:195)
	at java.io.FileInputStream.<init>(FileInputStream.java:138)
	at java.io.FileInputStream.<init>(FileInputStream.java:93)
	at com.xilinx.sdk.hw.internal.HwProjectCreator.createHwProjectFromZip(HwProjectCreator.java:100)
	at com.xilinx.sdk.hw.HwProjectUtil.internalCreate(HwProjectUtil.java:187)
	at com.xilinx.sdk.hw.HwProjectUtil.makeNewHardwareProject(HwProjectUtil.java:138)
	at com.xilinx.sdk.hw.HwProjectUtil.makeNewHardwareProject(HwProjectUtil.java:125)
	at com.xilinx.sdk.hw.HwProjectUtil.makeNewHardwareProject(HwProjectUtil.java:100)
	at com.xilinx.sdk.startup.InitSDK.processHwSpecArgumentTask(InitSDK.java:436)
	at com.xilinx.sdk.startup.InitSDK.access$7(InitSDK.java:418)
	at com.xilinx.sdk.startup.InitSDK$12.run(InitSDK.java:369)
	at org.eclipse.core.internal.jobs.Worker.run(Worker.java:55)
19:23:53 INFO  : Launching XSDB server: xsdb.bat -interactive C:\Users\lauro\lab4\temp_xsdb_launch_script.tcl
19:23:55 INFO  : XSDB server has started successfully.
19:23:56 INFO  : Processing command line option -hwspec C:/Users/lauro/lab4.
19:23:56 ERROR : Error occurred while creating hardware platform lab4_hw_platform_0 from sysdef
java.io.FileNotFoundException: C:\Users\lauro\lab4 (Access is denied)
	at java.io.FileInputStream.open0(Native Method)
	at java.io.FileInputStream.open(FileInputStream.java:195)
	at java.io.FileInputStream.<init>(FileInputStream.java:138)
	at java.io.FileInputStream.<init>(FileInputStream.java:93)
	at com.xilinx.sdk.hw.internal.HwProjectCreator.createHwProjectFromZip(HwProjectCreator.java:100)
	at com.xilinx.sdk.hw.HwProjectUtil.internalCreate(HwProjectUtil.java:187)
	at com.xilinx.sdk.hw.HwProjectUtil.makeNewHardwareProject(HwProjectUtil.java:138)
	at com.xilinx.sdk.hw.HwProjectUtil.makeNewHardwareProject(HwProjectUtil.java:125)
	at com.xilinx.sdk.hw.HwProjectUtil.makeNewHardwareProject(HwProjectUtil.java:100)
	at com.xilinx.sdk.startup.InitSDK.processHwSpecArgumentTask(InitSDK.java:436)
	at com.xilinx.sdk.startup.InitSDK.access$7(InitSDK.java:418)
	at com.xilinx.sdk.startup.InitSDK$12.run(InitSDK.java:369)
	at org.eclipse.core.internal.jobs.Worker.run(Worker.java:55)
19:25:33 INFO  : Launching XSDB server: xsdb.bat -interactive C:\Users\lauro\lab4\temp_xsdb_launch_script.tcl
19:25:35 INFO  : XSDB server has started successfully.
19:25:35 INFO  : Processing command line option -hwspec C:/Users/lauro/lab4.
19:25:36 ERROR : Error occurred while creating hardware platform lab4_hw_platform_1 from sysdef
java.io.FileNotFoundException: C:\Users\lauro\lab4 (Access is denied)
	at java.io.FileInputStream.open0(Native Method)
	at java.io.FileInputStream.open(FileInputStream.java:195)
	at java.io.FileInputStream.<init>(FileInputStream.java:138)
	at java.io.FileInputStream.<init>(FileInputStream.java:93)
	at com.xilinx.sdk.hw.internal.HwProjectCreator.createHwProjectFromZip(HwProjectCreator.java:100)
	at com.xilinx.sdk.hw.HwProjectUtil.internalCreate(HwProjectUtil.java:187)
	at com.xilinx.sdk.hw.HwProjectUtil.makeNewHardwareProject(HwProjectUtil.java:138)
	at com.xilinx.sdk.hw.HwProjectUtil.makeNewHardwareProject(HwProjectUtil.java:125)
	at com.xilinx.sdk.hw.HwProjectUtil.makeNewHardwareProject(HwProjectUtil.java:100)
	at com.xilinx.sdk.startup.InitSDK.processHwSpecArgumentTask(InitSDK.java:436)
	at com.xilinx.sdk.startup.InitSDK.access$7(InitSDK.java:418)
	at com.xilinx.sdk.startup.InitSDK$12.run(InitSDK.java:369)
	at org.eclipse.core.internal.jobs.Worker.run(Worker.java:55)
19:26:56 INFO  : Launching XSDB server: xsdb.bat -interactive C:\Users\lauro\lab4\temp_xsdb_launch_script.tcl
19:26:58 INFO  : XSDB server has started successfully.
19:26:58 INFO  : Processing command line option -hwspec C:/Users/lauro/lab4.
19:26:58 ERROR : Error occurred while creating hardware platform lab4_hw_platform_2 from sysdef
java.io.FileNotFoundException: C:\Users\lauro\lab4 (Access is denied)
	at java.io.FileInputStream.open0(Native Method)
	at java.io.FileInputStream.open(FileInputStream.java:195)
	at java.io.FileInputStream.<init>(FileInputStream.java:138)
	at java.io.FileInputStream.<init>(FileInputStream.java:93)
	at com.xilinx.sdk.hw.internal.HwProjectCreator.createHwProjectFromZip(HwProjectCreator.java:100)
	at com.xilinx.sdk.hw.HwProjectUtil.internalCreate(HwProjectUtil.java:187)
	at com.xilinx.sdk.hw.HwProjectUtil.makeNewHardwareProject(HwProjectUtil.java:138)
	at com.xilinx.sdk.hw.HwProjectUtil.makeNewHardwareProject(HwProjectUtil.java:125)
	at com.xilinx.sdk.hw.HwProjectUtil.makeNewHardwareProject(HwProjectUtil.java:100)
	at com.xilinx.sdk.startup.InitSDK.processHwSpecArgumentTask(InitSDK.java:436)
	at com.xilinx.sdk.startup.InitSDK.access$7(InitSDK.java:418)
	at com.xilinx.sdk.startup.InitSDK$12.run(InitSDK.java:369)
	at org.eclipse.core.internal.jobs.Worker.run(Worker.java:55)
19:34:20 INFO  : Launching XSDB server: xsdb.bat -interactive C:\Users\lauro\lab4\temp_xsdb_launch_script.tcl
19:34:21 INFO  : XSDB server has started successfully.
19:34:22 INFO  : Processing command line option -hwspec C:/Users/lauro/lab4.
19:34:22 ERROR : Error occurred while creating hardware platform lab4_hw_platform_0 from sysdef
java.io.FileNotFoundException: C:\Users\lauro\lab4 (Access is denied)
	at java.io.FileInputStream.open0(Native Method)
	at java.io.FileInputStream.open(FileInputStream.java:195)
	at java.io.FileInputStream.<init>(FileInputStream.java:138)
	at java.io.FileInputStream.<init>(FileInputStream.java:93)
	at com.xilinx.sdk.hw.internal.HwProjectCreator.createHwProjectFromZip(HwProjectCreator.java:100)
	at com.xilinx.sdk.hw.HwProjectUtil.internalCreate(HwProjectUtil.java:187)
	at com.xilinx.sdk.hw.HwProjectUtil.makeNewHardwareProject(HwProjectUtil.java:138)
	at com.xilinx.sdk.hw.HwProjectUtil.makeNewHardwareProject(HwProjectUtil.java:125)
	at com.xilinx.sdk.hw.HwProjectUtil.makeNewHardwareProject(HwProjectUtil.java:100)
	at com.xilinx.sdk.startup.InitSDK.processHwSpecArgumentTask(InitSDK.java:436)
	at com.xilinx.sdk.startup.InitSDK.access$7(InitSDK.java:418)
	at com.xilinx.sdk.startup.InitSDK$12.run(InitSDK.java:369)
	at org.eclipse.core.internal.jobs.Worker.run(Worker.java:55)
19:39:07 INFO  : Launching XSDB server: xsdb.bat -interactive C:\Users\lauro\lab4\temp_xsdb_launch_script.tcl
19:39:09 INFO  : XSDB server has started successfully.
19:39:10 INFO  : Processing command line option -hwspec C:/Users/lauro/lab4.
19:39:10 ERROR : Error occurred while creating hardware platform lab4_hw_platform_1 from sysdef
java.io.FileNotFoundException: C:\Users\lauro\lab4 (Access is denied)
	at java.io.FileInputStream.open0(Native Method)
	at java.io.FileInputStream.open(FileInputStream.java:195)
	at java.io.FileInputStream.<init>(FileInputStream.java:138)
	at java.io.FileInputStream.<init>(FileInputStream.java:93)
	at com.xilinx.sdk.hw.internal.HwProjectCreator.createHwProjectFromZip(HwProjectCreator.java:100)
	at com.xilinx.sdk.hw.HwProjectUtil.internalCreate(HwProjectUtil.java:187)
	at com.xilinx.sdk.hw.HwProjectUtil.makeNewHardwareProject(HwProjectUtil.java:138)
	at com.xilinx.sdk.hw.HwProjectUtil.makeNewHardwareProject(HwProjectUtil.java:125)
	at com.xilinx.sdk.hw.HwProjectUtil.makeNewHardwareProject(HwProjectUtil.java:100)
	at com.xilinx.sdk.startup.InitSDK.processHwSpecArgumentTask(InitSDK.java:436)
	at com.xilinx.sdk.startup.InitSDK.access$7(InitSDK.java:418)
	at com.xilinx.sdk.startup.InitSDK$12.run(InitSDK.java:369)
	at org.eclipse.core.internal.jobs.Worker.run(Worker.java:55)
