#-----------------------------------------------------------
# Vivado v2016.1 (64-bit)
# SW Build 1538259 on Fri Apr  8 15:45:27 MDT 2016
# IP Build 1537824 on Fri Apr  8 04:28:57 MDT 2016
# Start of session at: Mon Mar 11 18:54:58 2019
# Process ID: 12604
# Current directory: C:/Users/lauro/lab3
# Command line: vivado.exe -gui_launcher_event rodinguilauncherevent10632 C:\Users\lauro\lab3\lab3.xpr
# Log file: C:/Users/lauro/lab3/vivado.log
# Journal file: C:/Users/lauro/lab3\vivado.jou
#-----------------------------------------------------------
start_gui
open_project C:/Users/lauro/lab3/lab3.xpr
Scanning sources...
Finished scanning sources
INFO: [IP_Flow 19-234] Refreshing IP repositories
INFO: [IP_Flow 19-1700] Loaded user IP repository 'c:/Users/lauro/led_ip/ip_repo'.
INFO: [IP_Flow 19-2313] Loaded Vivado IP repository 'C:/Xilinx/Vivado/2016.1/data/ip'.
open_project: Time (s): cpu = 00:00:17 ; elapsed = 00:00:12 . Memory (MB): peak = 799.047 ; gain = 193.207
update_compile_order -fileset sources_1
open_bd_design {C:/Users/lauro/lab3/lab3.srcs/sources_1/bd/system/system.bd}
Adding cell -- xilinx.com:ip:processing_system7:5.5 - processing_system7_0
Adding cell -- xilinx.com:user:led_ip:1.0 - led_ip_0
Adding cell -- xilinx.com:ip:proc_sys_reset:5.0 - rst_processing_system7_0_100M
Adding cell -- xilinx.com:ip:axi_gpio:2.0 - buttons
Adding cell -- xilinx.com:ip:axi_gpio:2.0 - switchs
Adding cell -- xilinx.com:ip:axi_bram_ctrl:4.0 - axi_bram_ctrl_0
Adding cell -- xilinx.com:ip:blk_mem_gen:8.3 - axi_bram_ctrl_0_bram
Adding cell -- xilinx.com:ip:axi_crossbar:2.1 - xbar
Adding cell -- xilinx.com:ip:axi_protocol_converter:2.1 - auto_pc
Adding cell -- xilinx.com:ip:axi_protocol_converter:2.1 - auto_pc
Adding cell -- xilinx.com:ip:axi_protocol_converter:2.1 - auto_pc
Adding cell -- xilinx.com:ip:axi_protocol_converter:2.1 - auto_pc
Successfully read diagram <system> from BD file <C:/Users/lauro/lab3/lab3.srcs/sources_1/bd/system/system.bd>
open_bd_design: Time (s): cpu = 00:00:06 ; elapsed = 00:00:05 . Memory (MB): peak = 876.195 ; gain = 38.984
write_bd_layout -format pdf -orientation portrait -scope visible C:/Users/lauro/OneDrive/Desktop/system.pdf
C:/Users/lauro/OneDrive/Desktop/system.pdf
INFO: [Vivado 12-4158] Exported Hardware file is out of date. Exported hardware information may be inconsistent with respect to the current state of the design. It is recommended that you re-export the design and launch SDK otherwise SDK is launched with out of date hardware system file.
launch_sdk -workspace C:/Users/lauro/lab3/lab3.sdk -hwspec C:/Users/lauro/lab3/lab3.sdk/system_wrapper.hdf
INFO: [Vivado 12-393] Launching SDK...
INFO: [Vivado 12-417] Running xsdk -workspace C:/Users/lauro/lab3/lab3.sdk -hwspec C:/Users/lauro/lab3/lab3.sdk/system_wrapper.hdf
INFO: [Vivado 12-3157] SDK launch initiated. Please check console for any further messages.
reset_run impl_1 -prev_step 
launch_runs impl_1 -to_step write_bitstream -jobs 4
[Mon Mar 11 19:10:54 2019] Launched impl_1...
Run output will be captured here: C:/Users/lauro/lab3/lab3.runs/impl_1/runme.log
file copy -force C:/Users/lauro/lab3/lab3.runs/impl_1/system_wrapper.sysdef C:/Users/lauro/lab3/lab3.sdk/system_wrapper.hdf

launch_sdk -workspace C:/Users/lauro/lab3/lab3.sdk -hwspec C:/Users/lauro/lab3/lab3.sdk/system_wrapper.hdf
INFO: [Vivado 12-393] Launching SDK...
INFO: [Vivado 12-417] Running xsdk -workspace C:/Users/lauro/lab3/lab3.sdk -hwspec C:/Users/lauro/lab3/lab3.sdk/system_wrapper.hdf
INFO: [Vivado 12-3157] SDK launch initiated. Please check console for any further messages.
exit
INFO: [Common 17-206] Exiting Vivado at Mon Mar 11 19:31:01 2019...
