#-----------------------------------------------------------
# Vivado v2016.1 (64-bit)
# SW Build 1538259 on Fri Apr  8 15:45:27 MDT 2016
# IP Build 1537824 on Fri Apr  8 04:28:57 MDT 2016
# Start of session at: Tue Mar 19 10:11:46 2019
# Process ID: 2180
# Current directory: C:/Users/lauro/lab3
# Command line: vivado.exe -gui_launcher_event rodinguilauncherevent4276 C:\Users\lauro\lab3\lab3.xpr
# Log file: C:/Users/lauro/lab3/vivado.log
# Journal file: C:/Users/lauro/lab3\vivado.jou
#-----------------------------------------------------------
start_gui
open_project C:/Users/lauro/lab3/lab3.xpr
Scanning sources...
Finished scanning sources
INFO: [IP_Flow 19-234] Refreshing IP repositories
INFO: [IP_Flow 19-1700] Loaded user IP repository 'c:/Users/lauro/led_ip/ip_repo'.
INFO: [IP_Flow 19-2313] Loaded Vivado IP repository 'C:/Xilinx/Vivado/2016.1/data/ip'.
open_project: Time (s): cpu = 00:00:14 ; elapsed = 00:00:11 . Memory (MB): peak = 860.762 ; gain = 189.258
update_compile_order -fileset sources_1
launch_sdk -workspace C:/Users/lauro/lab3/lab3.sdk -hwspec C:/Users/lauro/lab3/lab3.sdk/system_wrapper.hdf
INFO: [Vivado 12-393] Launching SDK...
INFO: [Vivado 12-417] Running xsdk -workspace C:/Users/lauro/lab3/lab3.sdk -hwspec C:/Users/lauro/lab3/lab3.sdk/system_wrapper.hdf
INFO: [Vivado 12-3157] SDK launch initiated. Please check console for any further messages.
launch_sdk -workspace C:/Users/lauro/lab3/lab3.sdk -hwspec C:/Users/lauro/lab3/lab3.sdk/system_wrapper.hdf
INFO: [Vivado 12-393] Launching SDK...
INFO: [Vivado 12-417] Running xsdk -workspace C:/Users/lauro/lab3/lab3.sdk -hwspec C:/Users/lauro/lab3/lab3.sdk/system_wrapper.hdf
INFO: [Vivado 12-3157] SDK launch initiated. Please check console for any further messages.
