
*** Running vivado
    with args -log user_gpio_ip_v1_0.vds -m64 -product Vivado -mode batch -messageDb vivado.pb -notrace -source user_gpio_ip_v1_0.tcl


****** Vivado v2018.3 (64-bit)
  **** SW Build 2405991 on Thu Dec  6 23:38:27 MST 2018
  **** IP Build 2404404 on Fri Dec  7 01:43:56 MST 2018
    ** Copyright 1986-2018 Xilinx, Inc. All Rights Reserved.

source user_gpio_ip_v1_0.tcl -notrace
INFO: [IP_Flow 19-234] Refreshing IP repositories
INFO: [IP_Flow 19-1700] Loaded user IP repository 'c:/user_gpio_ip/ip_repo/user_gpio_ip_1.0'.
INFO: [IP_Flow 19-2313] Loaded Vivado IP repository 'C:/Xilinx/Vivado/2018.3/data/ip'.
WARNING: [filemgmt 56-99] Vivado Synthesis ignores library specification for Verilog or SystemVerilog files. [c:/user_gpio_ip/ip_repo/user_gpio_ip_1.0/hdl/user_gpio_ip_v1_0_S_AXI.v:]
WARNING: [filemgmt 56-99] Vivado Synthesis ignores library specification for Verilog or SystemVerilog files. [c:/user_gpio_ip/ip_repo/user_gpio_ip_1.0/hdl/user_gpio_ip_v1_0.v:]
Command: synth_design -top user_gpio_ip_v1_0 -part xc7z010clg400-1
Starting synth_design
Attempting to get a license for feature 'Synthesis' and/or device 'xc7z010'
INFO: [Common 17-349] Got license for feature 'Synthesis' and/or device 'xc7z010'
INFO: Launching helper process for spawning children vivado processes
INFO: Helper process launched with PID 1476 
---------------------------------------------------------------------------------
Starting Synthesize : Time (s): cpu = 00:00:02 ; elapsed = 00:00:02 . Memory (MB): peak = 466.320 ; gain = 101.520
---------------------------------------------------------------------------------
INFO: [Synth 8-6157] synthesizing module 'user_gpio_ip_v1_0' [c:/user_gpio_ip/ip_repo/user_gpio_ip_1.0/hdl/user_gpio_ip_v1_0.v:4]
	Parameter LED_WIDTH bound to: 8 - type: integer 
	Parameter C_S_AXI_DATA_WIDTH bound to: 32 - type: integer 
	Parameter C_S_AXI_ADDR_WIDTH bound to: 4 - type: integer 
INFO: [Synth 8-6157] synthesizing module 'user_gpio_ip_v1_0_S_AXI' [c:/user_gpio_ip/ip_repo/user_gpio_ip_1.0/hdl/user_gpio_ip_v1_0_S_AXI.v:4]
	Parameter LED_WIDTH bound to: 8 - type: integer 
	Parameter C_S_AXI_DATA_WIDTH bound to: 32 - type: integer 
	Parameter C_S_AXI_ADDR_WIDTH bound to: 4 - type: integer 
	Parameter ADDR_LSB bound to: 2 - type: integer 
	Parameter OPT_MEM_ADDR_BITS bound to: 1 - type: integer 
INFO: [Synth 8-226] default block is never used [c:/user_gpio_ip/ip_repo/user_gpio_ip_1.0/hdl/user_gpio_ip_v1_0_S_AXI.v:231]
INFO: [Synth 8-226] default block is never used [c:/user_gpio_ip/ip_repo/user_gpio_ip_1.0/hdl/user_gpio_ip_v1_0_S_AXI.v:372]
INFO: [Synth 8-6157] synthesizing module 'midterm2_user_logic' [C:/Users/lauro/OneDrive/Desktop/Midterm 2 code new/user_gpio_ip_user_logic.v:6]
	Parameter LED_WIDTH bound to: 8 - type: integer 
INFO: [Synth 8-6155] done synthesizing module 'midterm2_user_logic' (1#1) [C:/Users/lauro/OneDrive/Desktop/Midterm 2 code new/user_gpio_ip_user_logic.v:6]
INFO: [Synth 8-6155] done synthesizing module 'user_gpio_ip_v1_0_S_AXI' (2#1) [c:/user_gpio_ip/ip_repo/user_gpio_ip_1.0/hdl/user_gpio_ip_v1_0_S_AXI.v:4]
INFO: [Synth 8-6155] done synthesizing module 'user_gpio_ip_v1_0' (3#1) [c:/user_gpio_ip/ip_repo/user_gpio_ip_1.0/hdl/user_gpio_ip_v1_0.v:4]
WARNING: [Synth 8-3331] design midterm2_user_logic has unconnected port S_AXI_WDATA[31]
WARNING: [Synth 8-3331] design midterm2_user_logic has unconnected port S_AXI_WDATA[30]
WARNING: [Synth 8-3331] design midterm2_user_logic has unconnected port S_AXI_WDATA[29]
WARNING: [Synth 8-3331] design midterm2_user_logic has unconnected port S_AXI_WDATA[28]
WARNING: [Synth 8-3331] design midterm2_user_logic has unconnected port S_AXI_WDATA[27]
WARNING: [Synth 8-3331] design midterm2_user_logic has unconnected port S_AXI_WDATA[26]
WARNING: [Synth 8-3331] design midterm2_user_logic has unconnected port S_AXI_WDATA[25]
WARNING: [Synth 8-3331] design midterm2_user_logic has unconnected port S_AXI_WDATA[24]
WARNING: [Synth 8-3331] design midterm2_user_logic has unconnected port S_AXI_WDATA[23]
WARNING: [Synth 8-3331] design midterm2_user_logic has unconnected port S_AXI_WDATA[22]
WARNING: [Synth 8-3331] design midterm2_user_logic has unconnected port S_AXI_WDATA[21]
WARNING: [Synth 8-3331] design midterm2_user_logic has unconnected port S_AXI_WDATA[20]
WARNING: [Synth 8-3331] design midterm2_user_logic has unconnected port S_AXI_WDATA[19]
WARNING: [Synth 8-3331] design midterm2_user_logic has unconnected port S_AXI_WDATA[18]
WARNING: [Synth 8-3331] design midterm2_user_logic has unconnected port S_AXI_WDATA[17]
WARNING: [Synth 8-3331] design midterm2_user_logic has unconnected port S_AXI_WDATA[16]
WARNING: [Synth 8-3331] design midterm2_user_logic has unconnected port S_AXI_WDATA[15]
WARNING: [Synth 8-3331] design midterm2_user_logic has unconnected port S_AXI_WDATA[14]
WARNING: [Synth 8-3331] design midterm2_user_logic has unconnected port S_AXI_WDATA[13]
WARNING: [Synth 8-3331] design midterm2_user_logic has unconnected port S_AXI_WDATA[12]
WARNING: [Synth 8-3331] design midterm2_user_logic has unconnected port S_AXI_WDATA[11]
WARNING: [Synth 8-3331] design midterm2_user_logic has unconnected port S_AXI_WDATA[10]
WARNING: [Synth 8-3331] design midterm2_user_logic has unconnected port S_AXI_WDATA[9]
WARNING: [Synth 8-3331] design midterm2_user_logic has unconnected port S_AXI_WDATA[8]
WARNING: [Synth 8-3331] design user_gpio_ip_v1_0_S_AXI has unconnected port S_AXI_AWPROT[2]
WARNING: [Synth 8-3331] design user_gpio_ip_v1_0_S_AXI has unconnected port S_AXI_AWPROT[1]
WARNING: [Synth 8-3331] design user_gpio_ip_v1_0_S_AXI has unconnected port S_AXI_AWPROT[0]
WARNING: [Synth 8-3331] design user_gpio_ip_v1_0_S_AXI has unconnected port S_AXI_ARPROT[2]
WARNING: [Synth 8-3331] design user_gpio_ip_v1_0_S_AXI has unconnected port S_AXI_ARPROT[1]
WARNING: [Synth 8-3331] design user_gpio_ip_v1_0_S_AXI has unconnected port S_AXI_ARPROT[0]
---------------------------------------------------------------------------------
Finished Synthesize : Time (s): cpu = 00:00:03 ; elapsed = 00:00:03 . Memory (MB): peak = 521.844 ; gain = 157.043
---------------------------------------------------------------------------------
---------------------------------------------------------------------------------
Finished Constraint Validation : Time (s): cpu = 00:00:03 ; elapsed = 00:00:03 . Memory (MB): peak = 521.844 ; gain = 157.043
---------------------------------------------------------------------------------
---------------------------------------------------------------------------------
Start Loading Part and Timing Information
---------------------------------------------------------------------------------
Loading part: xc7z010clg400-1
---------------------------------------------------------------------------------
Finished Loading Part and Timing Information : Time (s): cpu = 00:00:03 ; elapsed = 00:00:03 . Memory (MB): peak = 521.844 ; gain = 157.043
---------------------------------------------------------------------------------
INFO: [Device 21-403] Loading part xc7z010clg400-1
---------------------------------------------------------------------------------
Finished RTL Optimization Phase 2 : Time (s): cpu = 00:00:03 ; elapsed = 00:00:03 . Memory (MB): peak = 521.844 ; gain = 157.043
---------------------------------------------------------------------------------

Report RTL Partitions: 
+-+--------------+------------+----------+
| |RTL Partition |Replication |Instances |
+-+--------------+------------+----------+
+-+--------------+------------+----------+
No constraint files found.
---------------------------------------------------------------------------------
Start RTL Component Statistics 
---------------------------------------------------------------------------------
Detailed RTL Component Info : 
+---Registers : 
	               32 Bit    Registers := 5     
	                8 Bit    Registers := 1     
	                4 Bit    Registers := 2     
	                2 Bit    Registers := 2     
	                1 Bit    Registers := 6     
+---Muxes : 
	   2 Input     32 Bit        Muxes := 4     
	   4 Input     32 Bit        Muxes := 5     
	   2 Input      1 Bit        Muxes := 5     
---------------------------------------------------------------------------------
Finished RTL Component Statistics 
---------------------------------------------------------------------------------
---------------------------------------------------------------------------------
Start RTL Hierarchical Component Statistics 
---------------------------------------------------------------------------------
Hierarchical RTL Component report 
Module midterm2_user_logic 
Detailed RTL Component Info : 
+---Registers : 
	                8 Bit    Registers := 1     
Module user_gpio_ip_v1_0_S_AXI 
Detailed RTL Component Info : 
+---Registers : 
	               32 Bit    Registers := 5     
	                4 Bit    Registers := 2     
	                2 Bit    Registers := 2     
	                1 Bit    Registers := 6     
+---Muxes : 
	   2 Input     32 Bit        Muxes := 4     
	   4 Input     32 Bit        Muxes := 5     
	   2 Input      1 Bit        Muxes := 5     
---------------------------------------------------------------------------------
Finished RTL Hierarchical Component Statistics
---------------------------------------------------------------------------------
---------------------------------------------------------------------------------
Start Part Resource Summary
---------------------------------------------------------------------------------
Part Resources:
DSPs: 80 (col length:40)
BRAMs: 120 (col length: RAMB18 40 RAMB36 20)
---------------------------------------------------------------------------------
Finished Part Resource Summary
---------------------------------------------------------------------------------
No constraint files found.
---------------------------------------------------------------------------------
Start Cross Boundary and Area Optimization
---------------------------------------------------------------------------------
Warning: Parallel synthesis criteria is not met 
WARNING: [Synth 8-3331] design user_gpio_ip_v1_0 has unconnected port s_axi_awprot[2]
WARNING: [Synth 8-3331] design user_gpio_ip_v1_0 has unconnected port s_axi_awprot[1]
WARNING: [Synth 8-3331] design user_gpio_ip_v1_0 has unconnected port s_axi_awprot[0]
WARNING: [Synth 8-3331] design user_gpio_ip_v1_0 has unconnected port s_axi_arprot[2]
WARNING: [Synth 8-3331] design user_gpio_ip_v1_0 has unconnected port s_axi_arprot[1]
WARNING: [Synth 8-3331] design user_gpio_ip_v1_0 has unconnected port s_axi_arprot[0]
INFO: [Synth 8-3886] merging instance 'user_gpio_ip_v1_0_S_AXI_inst/axi_rresp_reg[0]' (FDRE) to 'user_gpio_ip_v1_0_S_AXI_inst/axi_rresp_reg[1]'
INFO: [Synth 8-3333] propagating constant 0 across sequential element (\user_gpio_ip_v1_0_S_AXI_inst/axi_rresp_reg[1] )
INFO: [Synth 8-3886] merging instance 'user_gpio_ip_v1_0_S_AXI_inst/axi_bresp_reg[0]' (FDRE) to 'user_gpio_ip_v1_0_S_AXI_inst/axi_bresp_reg[1]'
INFO: [Synth 8-3333] propagating constant 0 across sequential element (\user_gpio_ip_v1_0_S_AXI_inst/axi_bresp_reg[1] )
---------------------------------------------------------------------------------
Finished Cross Boundary and Area Optimization : Time (s): cpu = 00:00:05 ; elapsed = 00:00:06 . Memory (MB): peak = 659.148 ; gain = 294.348
---------------------------------------------------------------------------------

Report RTL Partitions: 
+-+--------------+------------+----------+
| |RTL Partition |Replication |Instances |
+-+--------------+------------+----------+
+-+--------------+------------+----------+
No constraint files found.
---------------------------------------------------------------------------------
Start Timing Optimization
---------------------------------------------------------------------------------
---------------------------------------------------------------------------------
Finished Timing Optimization : Time (s): cpu = 00:00:05 ; elapsed = 00:00:06 . Memory (MB): peak = 659.148 ; gain = 294.348
---------------------------------------------------------------------------------

Report RTL Partitions: 
+-+--------------+------------+----------+
| |RTL Partition |Replication |Instances |
+-+--------------+------------+----------+
+-+--------------+------------+----------+
---------------------------------------------------------------------------------
Start Technology Mapping
---------------------------------------------------------------------------------
---------------------------------------------------------------------------------
Finished Technology Mapping : Time (s): cpu = 00:00:05 ; elapsed = 00:00:06 . Memory (MB): peak = 659.148 ; gain = 294.348
---------------------------------------------------------------------------------

Report RTL Partitions: 
+-+--------------+------------+----------+
| |RTL Partition |Replication |Instances |
+-+--------------+------------+----------+
+-+--------------+------------+----------+
---------------------------------------------------------------------------------
Start IO Insertion
---------------------------------------------------------------------------------
---------------------------------------------------------------------------------
Start Flattening Before IO Insertion
---------------------------------------------------------------------------------
---------------------------------------------------------------------------------
Finished Flattening Before IO Insertion
---------------------------------------------------------------------------------
---------------------------------------------------------------------------------
Start Final Netlist Cleanup
---------------------------------------------------------------------------------
---------------------------------------------------------------------------------
Finished Final Netlist Cleanup
---------------------------------------------------------------------------------
---------------------------------------------------------------------------------
Finished IO Insertion : Time (s): cpu = 00:00:06 ; elapsed = 00:00:07 . Memory (MB): peak = 659.148 ; gain = 294.348
---------------------------------------------------------------------------------

Report Check Netlist: 
+------+------------------+-------+---------+-------+------------------+
|      |Item              |Errors |Warnings |Status |Description       |
+------+------------------+-------+---------+-------+------------------+
|1     |multi_driven_nets |      0|        0|Passed |Multi driven nets |
+------+------------------+-------+---------+-------+------------------+
---------------------------------------------------------------------------------
Start Renaming Generated Instances
---------------------------------------------------------------------------------
---------------------------------------------------------------------------------
Finished Renaming Generated Instances : Time (s): cpu = 00:00:06 ; elapsed = 00:00:07 . Memory (MB): peak = 659.148 ; gain = 294.348
---------------------------------------------------------------------------------

Report RTL Partitions: 
+-+--------------+------------+----------+
| |RTL Partition |Replication |Instances |
+-+--------------+------------+----------+
+-+--------------+------------+----------+
---------------------------------------------------------------------------------
Start Rebuilding User Hierarchy
---------------------------------------------------------------------------------
---------------------------------------------------------------------------------
Finished Rebuilding User Hierarchy : Time (s): cpu = 00:00:06 ; elapsed = 00:00:07 . Memory (MB): peak = 659.148 ; gain = 294.348
---------------------------------------------------------------------------------
---------------------------------------------------------------------------------
Start Renaming Generated Ports
---------------------------------------------------------------------------------
---------------------------------------------------------------------------------
Finished Renaming Generated Ports : Time (s): cpu = 00:00:06 ; elapsed = 00:00:07 . Memory (MB): peak = 659.148 ; gain = 294.348
---------------------------------------------------------------------------------
---------------------------------------------------------------------------------
Start Handling Custom Attributes
---------------------------------------------------------------------------------
---------------------------------------------------------------------------------
Finished Handling Custom Attributes : Time (s): cpu = 00:00:06 ; elapsed = 00:00:07 . Memory (MB): peak = 659.148 ; gain = 294.348
---------------------------------------------------------------------------------
---------------------------------------------------------------------------------
Start Renaming Generated Nets
---------------------------------------------------------------------------------
---------------------------------------------------------------------------------
Finished Renaming Generated Nets : Time (s): cpu = 00:00:06 ; elapsed = 00:00:07 . Memory (MB): peak = 659.148 ; gain = 294.348
---------------------------------------------------------------------------------
---------------------------------------------------------------------------------
Start Writing Synthesis Report
---------------------------------------------------------------------------------

Report BlackBoxes: 
+-+--------------+----------+
| |BlackBox name |Instances |
+-+--------------+----------+
+-+--------------+----------+

Report Cell Usage: 
+------+-----+------+
|      |Cell |Count |
+------+-----+------+
|1     |BUFG |     1|
|2     |LUT1 |     1|
|3     |LUT2 |     1|
|4     |LUT3 |     1|
|5     |LUT4 |    20|
|6     |LUT6 |    35|
|7     |FDRE |   177|
|8     |FDSE |     1|
|9     |IBUF |    47|
|10    |OBUF |    49|
+------+-----+------+

Report Instance Areas: 
+------+-------------------------------+------------------------+------+
|      |Instance                       |Module                  |Cells |
+------+-------------------------------+------------------------+------+
|1     |top                            |                        |   333|
|2     |  user_gpio_ip_v1_0_S_AXI_inst |user_gpio_ip_v1_0_S_AXI |   236|
|3     |    U1                         |midterm2_user_logic     |    10|
+------+-------------------------------+------------------------+------+
---------------------------------------------------------------------------------
Finished Writing Synthesis Report : Time (s): cpu = 00:00:06 ; elapsed = 00:00:07 . Memory (MB): peak = 659.148 ; gain = 294.348
---------------------------------------------------------------------------------
Synthesis finished with 0 errors, 0 critical warnings and 36 warnings.
Synthesis Optimization Runtime : Time (s): cpu = 00:00:06 ; elapsed = 00:00:07 . Memory (MB): peak = 659.148 ; gain = 294.348
Synthesis Optimization Complete : Time (s): cpu = 00:00:06 ; elapsed = 00:00:07 . Memory (MB): peak = 659.148 ; gain = 294.348
INFO: [Project 1-571] Translating synthesized netlist
INFO: [Project 1-570] Preparing netlist for logic optimization
INFO: [Opt 31-138] Pushed 0 inverter(s) to 0 load pin(s).
Netlist sorting complete. Time (s): cpu = 00:00:00 ; elapsed = 00:00:00 . Memory (MB): peak = 764.734 ; gain = 0.000
INFO: [Project 1-111] Unisim Transformation Summary:
No Unisim elements were transformed.

INFO: [Common 17-83] Releasing license: Synthesis
22 Infos, 38 Warnings, 0 Critical Warnings and 0 Errors encountered.
synth_design completed successfully
synth_design: Time (s): cpu = 00:00:10 ; elapsed = 00:00:12 . Memory (MB): peak = 764.734 ; gain = 411.980
Netlist sorting complete. Time (s): cpu = 00:00:00 ; elapsed = 00:00:00.001 . Memory (MB): peak = 764.734 ; gain = 0.000
WARNING: [Constraints 18-5210] No constraints selected for write.
Resolution: This message can indicate that there are no constraints for the design, or it can indicate that the used_in flags are set such that the constraints are ignored. This later case is used when running synth_design to not write synthesis constraints to the resulting checkpoint. Instead, project constraints are read when the synthesized design is opened.
INFO: [Common 17-1381] The checkpoint 'c:/user_gpio_ip/ip_repo/edit_user_gpio_ip_v1_0.runs/synth_1/user_gpio_ip_v1_0.dcp' has been generated.
INFO: [runtcl-4] Executing : report_utilization -file user_gpio_ip_v1_0_utilization_synth.rpt -pb user_gpio_ip_v1_0_utilization_synth.pb
INFO: [Common 17-206] Exiting Vivado at Tue Mar 26 09:53:55 2019...
