#-----------------------------------------------------------
# Vivado v2014.4 (64-bit)
# SW Build 1071353 on Tue Nov 18 16:47:07 MST 2014
# IP Build 1070531 on Tue Nov 18 01:10:18 MST 2014
# Start of session at: Mon Mar  2 21:14:33 2015
# Process ID: 2214
# Log file: /home/jlgutierrez/Development/zybo-zynq/workspace/zybo_base_system/source/vivado/hw/zybo_bsd/vivado.log
# Journal file: /home/jlgutierrez/Development/zybo-zynq/workspace/zybo_base_system/source/vivado/hw/zybo_bsd/vivado.jou
#-----------------------------------------------------------
start_gui
open_project zybo_bsd.xpr
Scanning sources...
Finished scanning sources
INFO: [IP_Flow 19-234] Refreshing IP repositories
INFO: [IP_Flow 19-1700] Loaded user IP repository '/home/jlgutierrez/Development/zybo-zynq/workspace/zybo_base_system/source/vivado/hw/ip_repo/myLED_1.0'.
WARNING: [IP_Flow 19-2207] Repository '/home/jlgutierrez/Development/zybo-zynq/workspace/zybo_base_system/source/vivado/hw/ip_repo/myLED_1.0' already exists; ignoring attempt to add it again.
INFO: [IP_Flow 19-1700] Loaded user IP repository '/home/jlgutierrez/Development/zybo-zynq/workspace/zybo_base_system/source/vivado/hw/ip_repo/myLED_1.0'.
INFO: [IP_Flow 19-1700] Loaded user IP repository '/home/jlgutierrez/Development/zybo-zynq/workspace/zybo_base_system/source/vivado/hw/lib'.
INFO: [IP_Flow 19-2313] Loaded Vivado IP repository '/home/Xilinx/Vivado/2014.4/data/ip'.
open_project: Time (s): cpu = 00:00:16 ; elapsed = 00:00:06 . Memory (MB): peak = 5795.430 ; gain = 133.828 ; free physical = 3919 ; free virtual = 44603
reset_run synth_1
launch_runs synth_1
INFO: [HDL 9-2216] Analyzing Verilog file "/home/jlgutierrez/Development/zybo-zynq/workspace/zybo_base_system/source/vivado/hw/zybo_bsd/zybo_bsd.srcs/sources_1/bd/system/hdl/system_wrapper.v" into library work [/home/jlgutierrez/Development/zybo-zynq/workspace/zybo_base_system/source/vivado/hw/zybo_bsd/zybo_bsd.srcs/sources_1/bd/system/hdl/system_wrapper.v:1]
INFO: [HDL 9-2216] Analyzing Verilog file "/home/jlgutierrez/Development/zybo-zynq/workspace/zybo_base_system/source/vivado/hw/zybo_bsd/zybo_bsd.srcs/sources_1/bd/system/hdl/system.v" into library work [/home/jlgutierrez/Development/zybo-zynq/workspace/zybo_base_system/source/vivado/hw/zybo_bsd/zybo_bsd.srcs/sources_1/bd/system/hdl/system.v:1]
[Mon Mar  2 21:15:02 2015] Launched synth_1...
Run output will be captured here: /home/jlgutierrez/Development/zybo-zynq/workspace/zybo_base_system/source/vivado/hw/zybo_bsd/zybo_bsd.runs/synth_1/runme.log
launch_sdk -workspace /home/jlgutierrez/Development/zybo-zynq/workspace/zybo_base_system/source/vivado/hw/zybo_bsd/zybo_bsd.sdk -hwspec /home/jlgutierrez/Development/zybo-zynq/workspace/zybo_base_system/source/vivado/hw/zybo_bsd/zybo_bsd.sdk/system_wrapper.hdf
INFO: [Vivado 12-393] Launching SDK...
INFO: [Vivado 12-417] Running xsdk -workspace /home/jlgutierrez/Development/zybo-zynq/workspace/zybo_base_system/source/vivado/hw/zybo_bsd/zybo_bsd.sdk -hwspec /home/jlgutierrez/Development/zybo-zynq/workspace/zybo_base_system/source/vivado/hw/zybo_bsd/zybo_bsd.sdk/system_wrapper.hdf
INFO: [Vivado 12-3157] SDK launch initiated. Please check console for any further messages.
exit
INFO: [Common 17-206] Exiting Vivado at Mon Mar  2 21:16:55 2015...
